[  0%] Built target std_msgs_generate_messages_eus
[  0%] Built target sensor_msgs_generate_messages_eus
[  0%] Built target geometry_msgs_generate_messages_eus
[  0%] Built target actionlib_msgs_generate_messages_eus
[  0%] Built target _spot_msgs_generate_messages_check_deps_PoseBodyActionGoal
[  0%] Built target _spot_msgs_generate_messages_check_deps_SetObstacleParams
[  0%] Built target _spot_msgs_generate_messages_check_deps_MobilityParams
[  0%] Built target _spot_msgs_generate_messages_check_deps_LeaseOwner
[  0%] Built target _spot_msgs_generate_messages_check_deps_TrajectoryActionFeedback
[  0%] Built target _spot_msgs_generate_messages_check_deps_Lease
[  0%] Built target _spot_msgs_generate_messages_check_deps_DockState
[  0%] Built target _spot_msgs_generate_messages_check_deps_SetVelocity
[  0%] Built target _spot_msgs_generate_messages_check_deps_NavigateToGoal
[  0%] Built target _spot_msgs_generate_messages_check_deps_DockResult
[  0%] Built target _spot_msgs_generate_messages_check_deps_NavigateRouteResult
[  0%] Built target _spot_msgs_generate_messages_check_deps_BehaviorFaultState
[  0%] Built target _spot_msgs_generate_messages_check_deps_PowerState
[  0%] Built target _spot_msgs_generate_messages_check_deps_Dock
[  0%] Built target _spot_msgs_generate_messages_check_deps_WiFiState
[  0%] Built target _spot_msgs_generate_messages_check_deps_PoseBodyActionFeedback
[  0%] Built target _spot_msgs_generate_messages_check_deps_NavigateToFeedback
[  0%] Built target _spot_msgs_generate_messages_check_deps_AprilTagProperties
[  0%] Built target _spot_msgs_generate_messages_check_deps_DownloadGraph
[  0%] Built target _spot_msgs_generate_messages_check_deps_TerrainState
[  0%] Built target _spot_msgs_generate_messages_check_deps_WorldObject
[  0%] Built target _spot_msgs_generate_messages_check_deps_ImageProperties
[  0%] Built target _spot_msgs_generate_messages_check_deps_DockAction
[  0%] Built target _spot_msgs_generate_messages_check_deps_ArmJointMovement
[  0%] Built target _spot_msgs_generate_messages_check_deps_PoseBodyAction
[  0%] Built target _spot_msgs_generate_messages_check_deps_TrajectoryGoal
[  0%] Built target _spot_msgs_generate_messages_check_deps_NavigateRouteActionFeedback
[  0%] Built target _spot_msgs_generate_messages_check_deps_PoseBodyResult
[  0%] Built target _spot_msgs_generate_messages_check_deps_FootStateArray
[  0%] Built target _spot_msgs_generate_messages_check_deps_NavigateToResult
[  0%] Built target _spot_msgs_generate_messages_check_deps_TrajectoryFeedback
[  0%] Built target _spot_msgs_generate_messages_check_deps_Feedback
[  0%] Built target _spot_msgs_generate_messages_check_deps_WorldObjectArray
[  0%] Built target _spot_msgs_generate_messages_check_deps_FootState
[  0%] Built target _spot_msgs_generate_messages_check_deps_GraphCloseLoops
[  0%] Built target _spot_msgs_generate_messages_check_deps_LeaseResource
[  0%] Built target _spot_msgs_generate_messages_check_deps_SpotCheckPayload
[  0%] Built target _spot_msgs_generate_messages_check_deps_LeaseArray
[  0%] Built target _spot_msgs_generate_messages_check_deps_SystemFault
[  0%] Built target _spot_msgs_generate_messages_check_deps_ObstacleParams
[  0%] Built target _spot_msgs_generate_messages_check_deps_GetDockState
[  0%] Built target _spot_msgs_generate_messages_check_deps_SpotCheckHipROM
[  0%] Built target _spot_msgs_generate_messages_check_deps_NavigateRouteAction
[  0%] Built target _spot_msgs_generate_messages_check_deps_SystemFaultState
[  0%] Built target _spot_msgs_generate_messages_check_deps_BatteryState
[  0%] Built target _spot_msgs_generate_messages_check_deps_SpotCheckKinematic
[  0%] Built target _spot_msgs_generate_messages_check_deps_SpotCheckLoadCell
[  0%] Built target _spot_msgs_generate_messages_check_deps_SpotCheckDepth
[  0%] Built target _spot_msgs_generate_messages_check_deps_TrajectoryActionResult
[  0%] Built target _spot_msgs_generate_messages_check_deps_BatteryStateArray
[  0%] Built target _spot_msgs_generate_messages_check_deps_NavigateToActionFeedback
[  0%] Built target _spot_msgs_generate_messages_check_deps_SetTerrainParams
[  0%] Built target _spot_msgs_generate_messages_check_deps_TrajectoryAction
[  0%] Built target _spot_msgs_generate_messages_check_deps_ParentEdge
[  0%] Built target _spot_msgs_generate_messages_check_deps_ImageSource
[  0%] Built target _spot_msgs_generate_messages_check_deps_ImageCapture
[  0%] Built target _spot_msgs_generate_messages_check_deps_DockActionGoal
[  0%] Built target _spot_msgs_generate_messages_check_deps_NavigateToActionResult
[  0%] Built target _spot_msgs_generate_messages_check_deps_SetSwingHeight
[  0%] Built target _spot_msgs_generate_messages_check_deps_DockActionFeedback
[  0%] Built target _spot_msgs_generate_messages_check_deps_DockGoal
[  0%] Built target _spot_msgs_generate_messages_check_deps_DockFeedback
[  0%] Built target _spot_msgs_generate_messages_check_deps_NavigateToActionGoal
[  0%] Built target _spot_msgs_generate_messages_check_deps_DockActionResult
[  0%] Built target _spot_msgs_generate_messages_check_deps_NavigateRouteGoal
[  0%] Built target _spot_msgs_generate_messages_check_deps_NavigateToAction
[  0%] Built target _spot_msgs_generate_messages_check_deps_SetLocomotion
[  0%] Built target _spot_msgs_generate_messages_check_deps_HandPose
[  0%] Built target _spot_msgs_generate_messages_check_deps_NavigateRouteActionResult
[  0%] Built target _spot_msgs_generate_messages_check_deps_NavigateRouteFeedback
[  0%] Built target _spot_msgs_generate_messages_check_deps_ClearBehaviorFault
[  0%] Built target _spot_msgs_generate_messages_check_deps_NavigateRouteActionGoal
[  0%] Built target _spot_msgs_generate_messages_check_deps_PoseBodyGoal
[  0%] Built target _spot_msgs_generate_messages_check_deps_PoseBodyActionResult
[  0%] Built target _spot_msgs_generate_messages_check_deps_PoseBodyFeedback
[  0%] Built target _spot_msgs_generate_messages_check_deps_Metrics
[  0%] Built target std_msgs_generate_messages_py
[  0%] Built target geometry_msgs_generate_messages_py
[  0%] Built target _spot_msgs_generate_messages_check_deps_NavigateInit
[  0%] Built target _spot_msgs_generate_messages_check_deps_ListGraph
[  0%] Built target _spot_msgs_generate_messages_check_deps_ConstrainedArmJointMovement
[  0%] Built target actionlib_msgs_generate_messages_cpp
[  0%] Built target sensor_msgs_generate_messages_py
[  0%] Built target geometry_msgs_generate_messages_cpp
[  0%] Built target std_msgs_generate_messages_cpp
[  0%] Built target _spot_msgs_generate_messages_check_deps_GripperAngleMove
[  0%] Built target actionlib_msgs_generate_messages_py
[  0%] Built target geometry_msgs_generate_messages_nodejs
[  0%] Built target _spot_msgs_generate_messages_check_deps_FrameTreeSnapshot
[  0%] Built target sensor_msgs_generate_messages_cpp
[  0%] Built target _spot_msgs_generate_messages_check_deps_SpotCheck
[  0%] Built target actionlib_msgs_generate_messages_nodejs
[  0%] Built target sensor_msgs_generate_messages_nodejs
[  0%] Built target std_msgs_generate_messages_lisp
[  0%] Built target _spot_msgs_generate_messages_check_deps_TrajectoryActionGoal
[  0%] Built target _spot_msgs_generate_messages_check_deps_PosedStand
[  0%] Built target std_msgs_generate_messages_nodejs
[  0%] Built target _spot_msgs_generate_messages_check_deps_ArmForceTrajectory
[  0%] Built target _spot_msgs_generate_messages_check_deps_EStopState
[  0%] Built target geometry_msgs_generate_messages_lisp
[  0%] Built target actionlib_msgs_generate_messages_lisp
[  0%] Built target sensor_msgs_generate_messages_lisp
[  0%] Built target _spot_msgs_generate_messages_check_deps_BehaviorFault
[  0%] Built target _spot_msgs_generate_messages_check_deps_EStopStateArray
[  0%] Built target _spot_msgs_generate_messages_check_deps_TerrainParams
[  0%] Built target _spot_msgs_generate_messages_check_deps_Grasp3d
[  0%] Built target _spot_msgs_generate_messages_check_deps_TrajectoryResult
[ 22%] Built target spot_msgs_generate_messages_cpp
[ 72%] Built target spot_msgs_generate_messages_nodejs
[ 95%] Built target spot_msgs_generate_messages_py
[ 95%] Built target spot_msgs_generate_messages_eus
[100%] Built target spot_msgs_generate_messages_lisp
[100%] Built target spot_msgs_generate_messages
