Symlinking /spot_skills/devel/share/roseus/ros/spot_msgs/manifest.l
Symlinking /spot_skills/devel/share/roseus/ros/spot_msgs/msg/EStopStateArray.l
Symlinking /spot_skills/devel/share/roseus/ros/spot_msgs/msg/SystemFault.l
Symlinking /spot_skills/devel/share/roseus/ros/spot_msgs/msg/DockAction.l
Symlinking /spot_skills/devel/share/roseus/ros/spot_msgs/msg/DockActionResult.l
Symlinking /spot_skills/devel/share/roseus/ros/spot_msgs/msg/NavigateRouteResult.l
Symlinking /spot_skills/devel/share/roseus/ros/spot_msgs/msg/LeaseOwner.l
Symlinking /spot_skills/devel/share/roseus/ros/spot_msgs/msg/PoseBodyActionFeedback.l
Symlinking /spot_skills/devel/share/roseus/ros/spot_msgs/msg/NavigateRouteFeedback.l
Symlinking /spot_skills/devel/share/roseus/ros/spot_msgs/msg/NavigateRouteActionGoal.l
Symlinking /spot_skills/devel/share/roseus/ros/spot_msgs/msg/BatteryStateArray.l
Symlinking /spot_skills/devel/share/roseus/ros/spot_msgs/msg/TerrainState.l
Symlinking /spot_skills/devel/share/roseus/ros/spot_msgs/msg/ImageCapture.l
Symlinking /spot_skills/devel/share/roseus/ros/spot_msgs/msg/NavigateRouteAction.l
Symlinking /spot_skills/devel/share/roseus/ros/spot_msgs/msg/BehaviorFault.l
Symlinking /spot_skills/devel/share/roseus/ros/spot_msgs/msg/FrameTreeSnapshot.l
Symlinking /spot_skills/devel/share/roseus/ros/spot_msgs/msg/BatteryState.l
Symlinking /spot_skills/devel/share/roseus/ros/spot_msgs/msg/TrajectoryResult.l
Symlinking /spot_skills/devel/share/roseus/ros/spot_msgs/msg/PowerState.l
Symlinking /spot_skills/devel/share/roseus/ros/spot_msgs/msg/NavigateToResult.l
Symlinking /spot_skills/devel/share/roseus/ros/spot_msgs/msg/WorldObject.l
Symlinking /spot_skills/devel/share/roseus/ros/spot_msgs/msg/PoseBodyResult.l
Symlinking /spot_skills/devel/share/roseus/ros/spot_msgs/msg/DockGoal.l
Symlinking /spot_skills/devel/share/roseus/ros/spot_msgs/msg/DockState.l
Symlinking /spot_skills/devel/share/roseus/ros/spot_msgs/msg/PoseBodyFeedback.l
Symlinking /spot_skills/devel/share/roseus/ros/spot_msgs/msg/WiFiState.l
Symlinking /spot_skills/devel/share/roseus/ros/spot_msgs/msg/DockActionGoal.l
Symlinking /spot_skills/devel/share/roseus/ros/spot_msgs/msg/NavigateRouteActionResult.l
Symlinking /spot_skills/devel/share/roseus/ros/spot_msgs/msg/TrajectoryAction.l
Symlinking /spot_skills/devel/share/roseus/ros/spot_msgs/msg/TrajectoryGoal.l
Symlinking /spot_skills/devel/share/roseus/ros/spot_msgs/msg/PoseBodyGoal.l
Symlinking /spot_skills/devel/share/roseus/ros/spot_msgs/msg/EStopState.l
Symlinking /spot_skills/devel/share/roseus/ros/spot_msgs/msg/Feedback.l
Symlinking /spot_skills/devel/share/roseus/ros/spot_msgs/msg/FootState.l
Symlinking /spot_skills/devel/share/roseus/ros/spot_msgs/msg/SpotCheckKinematic.l
Symlinking /spot_skills/devel/share/roseus/ros/spot_msgs/msg/LeaseResource.l
Symlinking /spot_skills/devel/share/roseus/ros/spot_msgs/msg/SpotCheckHipROM.l
Symlinking /spot_skills/devel/share/roseus/ros/spot_msgs/msg/NavigateRouteGoal.l
Symlinking /spot_skills/devel/share/roseus/ros/spot_msgs/msg/NavigateToActionGoal.l
Symlinking /spot_skills/devel/share/roseus/ros/spot_msgs/msg/SpotCheckDepth.l
Symlinking /spot_skills/devel/share/roseus/ros/spot_msgs/msg/BehaviorFaultState.l
Symlinking /spot_skills/devel/share/roseus/ros/spot_msgs/msg/FootStateArray.l
Symlinking /spot_skills/devel/share/roseus/ros/spot_msgs/msg/PoseBodyActionResult.l
Symlinking /spot_skills/devel/share/roseus/ros/spot_msgs/msg/TrajectoryActionGoal.l
Symlinking /spot_skills/devel/share/roseus/ros/spot_msgs/msg/LeaseArray.l
Symlinking /spot_skills/devel/share/roseus/ros/spot_msgs/msg/DockActionFeedback.l
Symlinking /spot_skills/devel/share/roseus/ros/spot_msgs/msg/Metrics.l
Symlinking /spot_skills/devel/share/roseus/ros/spot_msgs/msg/ImageSource.l
Symlinking /spot_skills/devel/share/roseus/ros/spot_msgs/msg/TrajectoryActionResult.l
Symlinking /spot_skills/devel/share/roseus/ros/spot_msgs/msg/ObstacleParams.l
Symlinking /spot_skills/devel/share/roseus/ros/spot_msgs/msg/NavigateToAction.l
Symlinking /spot_skills/devel/share/roseus/ros/spot_msgs/msg/Lease.l
Symlinking /spot_skills/devel/share/roseus/ros/spot_msgs/msg/NavigateToActionResult.l
Symlinking /spot_skills/devel/share/roseus/ros/spot_msgs/msg/SpotCheckLoadCell.l
Symlinking /spot_skills/devel/share/roseus/ros/spot_msgs/msg/NavigateToGoal.l
Symlinking /spot_skills/devel/share/roseus/ros/spot_msgs/msg/TrajectoryActionFeedback.l
Symlinking /spot_skills/devel/share/roseus/ros/spot_msgs/msg/AprilTagProperties.l
Symlinking /spot_skills/devel/share/roseus/ros/spot_msgs/msg/DockResult.l
Symlinking /spot_skills/devel/share/roseus/ros/spot_msgs/msg/MobilityParams.l
Symlinking /spot_skills/devel/share/roseus/ros/spot_msgs/msg/WorldObjectArray.l
Symlinking /spot_skills/devel/share/roseus/ros/spot_msgs/msg/SpotCheckPayload.l
Symlinking /spot_skills/devel/share/roseus/ros/spot_msgs/msg/TerrainParams.l
Symlinking /spot_skills/devel/share/roseus/ros/spot_msgs/msg/ImageProperties.l
Symlinking /spot_skills/devel/share/roseus/ros/spot_msgs/msg/PoseBodyAction.l
Symlinking /spot_skills/devel/share/roseus/ros/spot_msgs/msg/SystemFaultState.l
Symlinking /spot_skills/devel/share/roseus/ros/spot_msgs/msg/NavigateToFeedback.l
Symlinking /spot_skills/devel/share/roseus/ros/spot_msgs/msg/PoseBodyActionGoal.l
Symlinking /spot_skills/devel/share/roseus/ros/spot_msgs/msg/TrajectoryFeedback.l
Symlinking /spot_skills/devel/share/roseus/ros/spot_msgs/msg/NavigateToActionFeedback.l
Symlinking /spot_skills/devel/share/roseus/ros/spot_msgs/msg/ParentEdge.l
Symlinking /spot_skills/devel/share/roseus/ros/spot_msgs/msg/DockFeedback.l
Symlinking /spot_skills/devel/share/roseus/ros/spot_msgs/msg/NavigateRouteActionFeedback.l
Symlinking /spot_skills/devel/share/roseus/ros/spot_msgs/srv/ClearBehaviorFault.l
Symlinking /spot_skills/devel/share/roseus/ros/spot_msgs/srv/ListGraph.l
Symlinking /spot_skills/devel/share/roseus/ros/spot_msgs/srv/NavigateInit.l
Symlinking /spot_skills/devel/share/roseus/ros/spot_msgs/srv/GraphCloseLoops.l
Symlinking /spot_skills/devel/share/roseus/ros/spot_msgs/srv/ConstrainedArmJointMovement.l
Symlinking /spot_skills/devel/share/roseus/ros/spot_msgs/srv/ArmForceTrajectory.l
Symlinking /spot_skills/devel/share/roseus/ros/spot_msgs/srv/Grasp3d.l
Symlinking /spot_skills/devel/share/roseus/ros/spot_msgs/srv/SetLocomotion.l
Symlinking /spot_skills/devel/share/roseus/ros/spot_msgs/srv/SetTerrainParams.l
Symlinking /spot_skills/devel/share/roseus/ros/spot_msgs/srv/SpotCheck.l
Symlinking /spot_skills/devel/share/roseus/ros/spot_msgs/srv/ArmJointMovement.l
Symlinking /spot_skills/devel/share/roseus/ros/spot_msgs/srv/SetSwingHeight.l
Symlinking /spot_skills/devel/share/roseus/ros/spot_msgs/srv/SetVelocity.l
Symlinking /spot_skills/devel/share/roseus/ros/spot_msgs/srv/SetObstacleParams.l
Symlinking /spot_skills/devel/share/roseus/ros/spot_msgs/srv/HandPose.l
Symlinking /spot_skills/devel/share/roseus/ros/spot_msgs/srv/GripperAngleMove.l
Symlinking /spot_skills/devel/share/roseus/ros/spot_msgs/srv/PosedStand.l
Symlinking /spot_skills/devel/share/roseus/ros/spot_msgs/srv/GetDockState.l
Symlinking /spot_skills/devel/share/roseus/ros/spot_msgs/srv/DownloadGraph.l
Symlinking /spot_skills/devel/share/roseus/ros/spot_msgs/srv/Dock.l
Symlinking /spot_skills/devel/share/gennodejs/ros/spot_msgs/_index.js
Symlinking /spot_skills/devel/share/gennodejs/ros/spot_msgs/msg/TerrainState.js
Symlinking /spot_skills/devel/share/gennodejs/ros/spot_msgs/msg/SystemFault.js
Symlinking /spot_skills/devel/share/gennodejs/ros/spot_msgs/msg/NavigateRouteResult.js
Symlinking /spot_skills/devel/share/gennodejs/ros/spot_msgs/msg/Metrics.js
Symlinking /spot_skills/devel/share/gennodejs/ros/spot_msgs/msg/BehaviorFault.js
Symlinking /spot_skills/devel/share/gennodejs/ros/spot_msgs/msg/_index.js
Symlinking /spot_skills/devel/share/gennodejs/ros/spot_msgs/msg/LeaseResource.js
Symlinking /spot_skills/devel/share/gennodejs/ros/spot_msgs/msg/PoseBodyFeedback.js
Symlinking /spot_skills/devel/share/gennodejs/ros/spot_msgs/msg/NavigateToResult.js
Symlinking /spot_skills/devel/share/gennodejs/ros/spot_msgs/msg/TrajectoryResult.js
Symlinking /spot_skills/devel/share/gennodejs/ros/spot_msgs/msg/TrajectoryAction.js
Symlinking /spot_skills/devel/share/gennodejs/ros/spot_msgs/msg/TerrainParams.js
Symlinking /spot_skills/devel/share/gennodejs/ros/spot_msgs/msg/WorldObject.js
Symlinking /spot_skills/devel/share/gennodejs/ros/spot_msgs/msg/FrameTreeSnapshot.js
Symlinking /spot_skills/devel/share/gennodejs/ros/spot_msgs/msg/PoseBodyActionFeedback.js
Symlinking /spot_skills/devel/share/gennodejs/ros/spot_msgs/msg/DockResult.js
Symlinking /spot_skills/devel/share/gennodejs/ros/spot_msgs/msg/PowerState.js
Symlinking /spot_skills/devel/share/gennodejs/ros/spot_msgs/msg/ImageCapture.js
Symlinking /spot_skills/devel/share/gennodejs/ros/spot_msgs/msg/FootStateArray.js
Symlinking /spot_skills/devel/share/gennodejs/ros/spot_msgs/msg/DockActionGoal.js
Symlinking /spot_skills/devel/share/gennodejs/ros/spot_msgs/msg/NavigateRouteActionGoal.js
Symlinking /spot_skills/devel/share/gennodejs/ros/spot_msgs/msg/NavigateToGoal.js
Symlinking /spot_skills/devel/share/gennodejs/ros/spot_msgs/msg/TrajectoryFeedback.js
Symlinking /spot_skills/devel/share/gennodejs/ros/spot_msgs/msg/SystemFaultState.js
Symlinking /spot_skills/devel/share/gennodejs/ros/spot_msgs/msg/SpotCheckKinematic.js
Symlinking /spot_skills/devel/share/gennodejs/ros/spot_msgs/msg/LeaseArray.js
Symlinking /spot_skills/devel/share/gennodejs/ros/spot_msgs/msg/NavigateRouteActionResult.js
Symlinking /spot_skills/devel/share/gennodejs/ros/spot_msgs/msg/DockGoal.js
Symlinking /spot_skills/devel/share/gennodejs/ros/spot_msgs/msg/DockActionFeedback.js
Symlinking /spot_skills/devel/share/gennodejs/ros/spot_msgs/msg/WorldObjectArray.js
Symlinking /spot_skills/devel/share/gennodejs/ros/spot_msgs/msg/NavigateRouteGoal.js
Symlinking /spot_skills/devel/share/gennodejs/ros/spot_msgs/msg/NavigateToFeedback.js
Symlinking /spot_skills/devel/share/gennodejs/ros/spot_msgs/msg/NavigateToActionGoal.js
Symlinking /spot_skills/devel/share/gennodejs/ros/spot_msgs/msg/DockAction.js
Symlinking /spot_skills/devel/share/gennodejs/ros/spot_msgs/msg/EStopStateArray.js
Symlinking /spot_skills/devel/share/gennodejs/ros/spot_msgs/msg/AprilTagProperties.js
Symlinking /spot_skills/devel/share/gennodejs/ros/spot_msgs/msg/PoseBodyResult.js
Symlinking /spot_skills/devel/share/gennodejs/ros/spot_msgs/msg/LeaseOwner.js
Symlinking /spot_skills/devel/share/gennodejs/ros/spot_msgs/msg/NavigateToActionFeedback.js
Symlinking /spot_skills/devel/share/gennodejs/ros/spot_msgs/msg/TrajectoryActionResult.js
Symlinking /spot_skills/devel/share/gennodejs/ros/spot_msgs/msg/TrajectoryActionGoal.js
Symlinking /spot_skills/devel/share/gennodejs/ros/spot_msgs/msg/NavigateToAction.js
Symlinking /spot_skills/devel/share/gennodejs/ros/spot_msgs/msg/NavigateToActionResult.js
Symlinking /spot_skills/devel/share/gennodejs/ros/spot_msgs/msg/WiFiState.js
Symlinking /spot_skills/devel/share/gennodejs/ros/spot_msgs/msg/ObstacleParams.js
Symlinking /spot_skills/devel/share/gennodejs/ros/spot_msgs/msg/BatteryState.js
Symlinking /spot_skills/devel/share/gennodejs/ros/spot_msgs/msg/NavigateRouteAction.js
Symlinking /spot_skills/devel/share/gennodejs/ros/spot_msgs/msg/EStopState.js
Symlinking /spot_skills/devel/share/gennodejs/ros/spot_msgs/msg/PoseBodyAction.js
Symlinking /spot_skills/devel/share/gennodejs/ros/spot_msgs/msg/BatteryStateArray.js
Symlinking /spot_skills/devel/share/gennodejs/ros/spot_msgs/msg/DockFeedback.js
Symlinking /spot_skills/devel/share/gennodejs/ros/spot_msgs/msg/DockActionResult.js
Symlinking /spot_skills/devel/share/gennodejs/ros/spot_msgs/msg/TrajectoryGoal.js
Symlinking /spot_skills/devel/share/gennodejs/ros/spot_msgs/msg/ImageProperties.js
Symlinking /spot_skills/devel/share/gennodejs/ros/spot_msgs/msg/SpotCheckDepth.js
Symlinking /spot_skills/devel/share/gennodejs/ros/spot_msgs/msg/SpotCheckPayload.js
Symlinking /spot_skills/devel/share/gennodejs/ros/spot_msgs/msg/PoseBodyActionResult.js
Symlinking /spot_skills/devel/share/gennodejs/ros/spot_msgs/msg/NavigateRouteFeedback.js
Symlinking /spot_skills/devel/share/gennodejs/ros/spot_msgs/msg/SpotCheckHipROM.js
Symlinking /spot_skills/devel/share/gennodejs/ros/spot_msgs/msg/NavigateRouteActionFeedback.js
Symlinking /spot_skills/devel/share/gennodejs/ros/spot_msgs/msg/ImageSource.js
Symlinking /spot_skills/devel/share/gennodejs/ros/spot_msgs/msg/BehaviorFaultState.js
Symlinking /spot_skills/devel/share/gennodejs/ros/spot_msgs/msg/PoseBodyActionGoal.js
Symlinking /spot_skills/devel/share/gennodejs/ros/spot_msgs/msg/Feedback.js
Symlinking /spot_skills/devel/share/gennodejs/ros/spot_msgs/msg/FootState.js
Symlinking /spot_skills/devel/share/gennodejs/ros/spot_msgs/msg/DockState.js
Symlinking /spot_skills/devel/share/gennodejs/ros/spot_msgs/msg/SpotCheckLoadCell.js
Symlinking /spot_skills/devel/share/gennodejs/ros/spot_msgs/msg/ParentEdge.js
Symlinking /spot_skills/devel/share/gennodejs/ros/spot_msgs/msg/MobilityParams.js
Symlinking /spot_skills/devel/share/gennodejs/ros/spot_msgs/msg/PoseBodyGoal.js
Symlinking /spot_skills/devel/share/gennodejs/ros/spot_msgs/msg/Lease.js
Symlinking /spot_skills/devel/share/gennodejs/ros/spot_msgs/msg/TrajectoryActionFeedback.js
Symlinking /spot_skills/devel/share/gennodejs/ros/spot_msgs/srv/GripperAngleMove.js
Symlinking /spot_skills/devel/share/gennodejs/ros/spot_msgs/srv/SetTerrainParams.js
Symlinking /spot_skills/devel/share/gennodejs/ros/spot_msgs/srv/SetSwingHeight.js
Symlinking /spot_skills/devel/share/gennodejs/ros/spot_msgs/srv/_index.js
Symlinking /spot_skills/devel/share/gennodejs/ros/spot_msgs/srv/Grasp3d.js
Symlinking /spot_skills/devel/share/gennodejs/ros/spot_msgs/srv/GraphCloseLoops.js
Symlinking /spot_skills/devel/share/gennodejs/ros/spot_msgs/srv/NavigateInit.js
Symlinking /spot_skills/devel/share/gennodejs/ros/spot_msgs/srv/ConstrainedArmJointMovement.js
Symlinking /spot_skills/devel/share/gennodejs/ros/spot_msgs/srv/ClearBehaviorFault.js
Symlinking /spot_skills/devel/share/gennodejs/ros/spot_msgs/srv/ListGraph.js
Symlinking /spot_skills/devel/share/gennodejs/ros/spot_msgs/srv/HandPose.js
Symlinking /spot_skills/devel/share/gennodejs/ros/spot_msgs/srv/PosedStand.js
Symlinking /spot_skills/devel/share/gennodejs/ros/spot_msgs/srv/DownloadGraph.js
Symlinking /spot_skills/devel/share/gennodejs/ros/spot_msgs/srv/ArmJointMovement.js
Symlinking /spot_skills/devel/share/gennodejs/ros/spot_msgs/srv/SetVelocity.js
Symlinking /spot_skills/devel/share/gennodejs/ros/spot_msgs/srv/Dock.js
Symlinking /spot_skills/devel/share/gennodejs/ros/spot_msgs/srv/SetObstacleParams.js
Symlinking /spot_skills/devel/share/gennodejs/ros/spot_msgs/srv/SetLocomotion.js
Symlinking /spot_skills/devel/share/gennodejs/ros/spot_msgs/srv/SpotCheck.js
Symlinking /spot_skills/devel/share/gennodejs/ros/spot_msgs/srv/GetDockState.js
Symlinking /spot_skills/devel/share/gennodejs/ros/spot_msgs/srv/ArmForceTrajectory.js
Symlinking /spot_skills/devel/share/spot_msgs/msg/NavigateRouteFeedback.msg
Symlinking /spot_skills/devel/share/spot_msgs/msg/NavigateToGoal.msg
Symlinking /spot_skills/devel/share/spot_msgs/msg/NavigateToActionGoal.msg
Symlinking /spot_skills/devel/share/spot_msgs/msg/PoseBodyResult.msg
Symlinking /spot_skills/devel/share/spot_msgs/msg/DockActionFeedback.msg
Symlinking /spot_skills/devel/share/spot_msgs/msg/PoseBodyActionGoal.msg
Symlinking /spot_skills/devel/share/spot_msgs/msg/TrajectoryFeedback.msg
Symlinking /spot_skills/devel/share/spot_msgs/msg/NavigateToActionFeedback.msg
Symlinking /spot_skills/devel/share/spot_msgs/msg/TrajectoryResult.msg
Symlinking /spot_skills/devel/share/spot_msgs/msg/PoseBodyAction.msg
Symlinking /spot_skills/devel/share/spot_msgs/msg/NavigateRouteActionGoal.msg
Symlinking /spot_skills/devel/share/spot_msgs/msg/NavigateToResult.msg
Symlinking /spot_skills/devel/share/spot_msgs/msg/DockActionResult.msg
Symlinking /spot_skills/devel/share/spot_msgs/msg/DockResult.msg
Symlinking /spot_skills/devel/share/spot_msgs/msg/PoseBodyActionResult.msg
Symlinking /spot_skills/devel/share/spot_msgs/msg/NavigateToFeedback.msg
Symlinking /spot_skills/devel/share/spot_msgs/msg/NavigateToAction.msg
Symlinking /spot_skills/devel/share/spot_msgs/msg/TrajectoryActionFeedback.msg
Symlinking /spot_skills/devel/share/spot_msgs/msg/DockActionGoal.msg
Symlinking /spot_skills/devel/share/spot_msgs/msg/NavigateRouteActionResult.msg
Symlinking /spot_skills/devel/share/spot_msgs/msg/PoseBodyGoal.msg
Symlinking /spot_skills/devel/share/spot_msgs/msg/NavigateRouteActionFeedback.msg
Symlinking /spot_skills/devel/share/spot_msgs/msg/TrajectoryAction.msg
Symlinking /spot_skills/devel/share/spot_msgs/msg/PoseBodyActionFeedback.msg
Symlinking /spot_skills/devel/share/spot_msgs/msg/NavigateRouteResult.msg
Symlinking /spot_skills/devel/share/spot_msgs/msg/TrajectoryGoal.msg
Symlinking /spot_skills/devel/share/spot_msgs/msg/DockGoal.msg
Symlinking /spot_skills/devel/share/spot_msgs/msg/TrajectoryActionResult.msg
Symlinking /spot_skills/devel/share/spot_msgs/msg/NavigateRouteAction.msg
Symlinking /spot_skills/devel/share/spot_msgs/msg/DockAction.msg
Symlinking /spot_skills/devel/share/spot_msgs/msg/NavigateRouteGoal.msg
Symlinking /spot_skills/devel/share/spot_msgs/msg/PoseBodyFeedback.msg
Symlinking /spot_skills/devel/share/spot_msgs/msg/TrajectoryActionGoal.msg
Symlinking /spot_skills/devel/share/spot_msgs/msg/NavigateToActionResult.msg
Symlinking /spot_skills/devel/share/spot_msgs/msg/DockFeedback.msg
Symlinking /spot_skills/devel/share/spot_msgs/cmake/spot_msgsConfig-version.cmake
Symlinking /spot_skills/devel/share/spot_msgs/cmake/spot_msgsConfig.cmake
Symlinking /spot_skills/devel/share/spot_msgs/cmake/spot_msgs-msg-paths.cmake
Symlinking /spot_skills/devel/share/spot_msgs/cmake/spot_msgs-msg-extras.cmake
Symlinking /spot_skills/devel/share/common-lisp/ros/spot_msgs/msg/_package_TerrainState.lisp
Symlinking /spot_skills/devel/share/common-lisp/ros/spot_msgs/msg/TrajectoryGoal.lisp
Symlinking /spot_skills/devel/share/common-lisp/ros/spot_msgs/msg/TrajectoryResult.lisp
Symlinking /spot_skills/devel/share/common-lisp/ros/spot_msgs/msg/TrajectoryActionResult.lisp
Symlinking /spot_skills/devel/share/common-lisp/ros/spot_msgs/msg/_package_NavigateToResult.lisp
Symlinking /spot_skills/devel/share/common-lisp/ros/spot_msgs/msg/BehaviorFault.lisp
Symlinking /spot_skills/devel/share/common-lisp/ros/spot_msgs/msg/_package_EStopState.lisp
Symlinking /spot_skills/devel/share/common-lisp/ros/spot_msgs/msg/_package_WorldObjectArray.lisp
Symlinking /spot_skills/devel/share/common-lisp/ros/spot_msgs/msg/_package_DockActionResult.lisp
Symlinking /spot_skills/devel/share/common-lisp/ros/spot_msgs/msg/Feedback.lisp
Symlinking /spot_skills/devel/share/common-lisp/ros/spot_msgs/msg/_package_DockAction.lisp
Symlinking /spot_skills/devel/share/common-lisp/ros/spot_msgs/msg/_package_SpotCheckPayload.lisp
Symlinking /spot_skills/devel/share/common-lisp/ros/spot_msgs/msg/_package_SpotCheckLoadCell.lisp
Symlinking /spot_skills/devel/share/common-lisp/ros/spot_msgs/msg/_package_Metrics.lisp
Symlinking /spot_skills/devel/share/common-lisp/ros/spot_msgs/msg/_package_FootState.lisp
Symlinking /spot_skills/devel/share/common-lisp/ros/spot_msgs/msg/PoseBodyActionGoal.lisp
Symlinking /spot_skills/devel/share/common-lisp/ros/spot_msgs/msg/_package_SystemFaultState.lisp
Symlinking /spot_skills/devel/share/common-lisp/ros/spot_msgs/msg/_package_FrameTreeSnapshot.lisp
Symlinking /spot_skills/devel/share/common-lisp/ros/spot_msgs/msg/ImageProperties.lisp
Symlinking /spot_skills/devel/share/common-lisp/ros/spot_msgs/msg/BatteryState.lisp
Symlinking /spot_skills/devel/share/common-lisp/ros/spot_msgs/msg/_package_Lease.lisp
Symlinking /spot_skills/devel/share/common-lisp/ros/spot_msgs/msg/_package_AprilTagProperties.lisp
Symlinking /spot_skills/devel/share/common-lisp/ros/spot_msgs/msg/PoseBodyGoal.lisp
Symlinking /spot_skills/devel/share/common-lisp/ros/spot_msgs/msg/DockState.lisp
Symlinking /spot_skills/devel/share/common-lisp/ros/spot_msgs/msg/SpotCheckPayload.lisp
Symlinking /spot_skills/devel/share/common-lisp/ros/spot_msgs/msg/_package_ImageCapture.lisp
Symlinking /spot_skills/devel/share/common-lisp/ros/spot_msgs/msg/ImageCapture.lisp
Symlinking /spot_skills/devel/share/common-lisp/ros/spot_msgs/msg/_package_FootStateArray.lisp
Symlinking /spot_skills/devel/share/common-lisp/ros/spot_msgs/msg/_package_TrajectoryGoal.lisp
Symlinking /spot_skills/devel/share/common-lisp/ros/spot_msgs/msg/_package_DockActionGoal.lisp
Symlinking /spot_skills/devel/share/common-lisp/ros/spot_msgs/msg/TrajectoryFeedback.lisp
Symlinking /spot_skills/devel/share/common-lisp/ros/spot_msgs/msg/NavigateRouteAction.lisp
Symlinking /spot_skills/devel/share/common-lisp/ros/spot_msgs/msg/ParentEdge.lisp
Symlinking /spot_skills/devel/share/common-lisp/ros/spot_msgs/msg/_package_NavigateToActionResult.lisp
Symlinking /spot_skills/devel/share/common-lisp/ros/spot_msgs/msg/EStopStateArray.lisp
Symlinking /spot_skills/devel/share/common-lisp/ros/spot_msgs/msg/LeaseResource.lisp
Symlinking /spot_skills/devel/share/common-lisp/ros/spot_msgs/msg/_package_NavigateRouteAction.lisp
Symlinking /spot_skills/devel/share/common-lisp/ros/spot_msgs/msg/WorldObject.lisp
Symlinking /spot_skills/devel/share/common-lisp/ros/spot_msgs/msg/_package_NavigateRouteFeedback.lisp
Symlinking /spot_skills/devel/share/common-lisp/ros/spot_msgs/msg/_package_NavigateRouteGoal.lisp
Symlinking /spot_skills/devel/share/common-lisp/ros/spot_msgs/msg/_package_BatteryState.lisp
Symlinking /spot_skills/devel/share/common-lisp/ros/spot_msgs/msg/NavigateToActionFeedback.lisp
Symlinking /spot_skills/devel/share/common-lisp/ros/spot_msgs/msg/NavigateToAction.lisp
Symlinking /spot_skills/devel/share/common-lisp/ros/spot_msgs/msg/_package.lisp
Symlinking /spot_skills/devel/share/common-lisp/ros/spot_msgs/msg/_package_PoseBodyGoal.lisp
Symlinking /spot_skills/devel/share/common-lisp/ros/spot_msgs/msg/_package_PoseBodyResult.lisp
Symlinking /spot_skills/devel/share/common-lisp/ros/spot_msgs/msg/_package_SpotCheckHipROM.lisp
Symlinking /spot_skills/devel/share/common-lisp/ros/spot_msgs/msg/BatteryStateArray.lisp
Symlinking /spot_skills/devel/share/common-lisp/ros/spot_msgs/msg/WiFiState.lisp
Symlinking /spot_skills/devel/share/common-lisp/ros/spot_msgs/msg/DockResult.lisp
Symlinking /spot_skills/devel/share/common-lisp/ros/spot_msgs/msg/NavigateRouteActionResult.lisp
Symlinking /spot_skills/devel/share/common-lisp/ros/spot_msgs/msg/_package_MobilityParams.lisp
Symlinking /spot_skills/devel/share/common-lisp/ros/spot_msgs/msg/TrajectoryActionFeedback.lisp
Symlinking /spot_skills/devel/share/common-lisp/ros/spot_msgs/msg/SystemFaultState.lisp
Symlinking /spot_skills/devel/share/common-lisp/ros/spot_msgs/msg/_package_NavigateRouteActionResult.lisp
Symlinking /spot_skills/devel/share/common-lisp/ros/spot_msgs/msg/Metrics.lisp
Symlinking /spot_skills/devel/share/common-lisp/ros/spot_msgs/msg/_package_NavigateRouteResult.lisp
Symlinking /spot_skills/devel/share/common-lisp/ros/spot_msgs/msg/_package_ParentEdge.lisp
Symlinking /spot_skills/devel/share/common-lisp/ros/spot_msgs/msg/_package_PoseBodyFeedback.lisp
Symlinking /spot_skills/devel/share/common-lisp/ros/spot_msgs/msg/_package_BatteryStateArray.lisp
Symlinking /spot_skills/devel/share/common-lisp/ros/spot_msgs/msg/_package_TrajectoryAction.lisp
Symlinking /spot_skills/devel/share/common-lisp/ros/spot_msgs/msg/NavigateToGoal.lisp
Symlinking /spot_skills/devel/share/common-lisp/ros/spot_msgs/msg/_package_PowerState.lisp
Symlinking /spot_skills/devel/share/common-lisp/ros/spot_msgs/msg/_package_DockActionFeedback.lisp
Symlinking /spot_skills/devel/share/common-lisp/ros/spot_msgs/msg/BehaviorFaultState.lisp
Symlinking /spot_skills/devel/share/common-lisp/ros/spot_msgs/msg/_package_DockState.lisp
Symlinking /spot_skills/devel/share/common-lisp/ros/spot_msgs/msg/NavigateRouteResult.lisp
Symlinking /spot_skills/devel/share/common-lisp/ros/spot_msgs/msg/_package_LeaseResource.lisp
Symlinking /spot_skills/devel/share/common-lisp/ros/spot_msgs/msg/SpotCheckLoadCell.lisp
Symlinking /spot_skills/devel/share/common-lisp/ros/spot_msgs/msg/_package_Feedback.lisp
Symlinking /spot_skills/devel/share/common-lisp/ros/spot_msgs/msg/SpotCheckHipROM.lisp
Symlinking /spot_skills/devel/share/common-lisp/ros/spot_msgs/msg/spot_msgs-msg.asd
Symlinking /spot_skills/devel/share/common-lisp/ros/spot_msgs/msg/_package_WorldObject.lisp
Symlinking /spot_skills/devel/share/common-lisp/ros/spot_msgs/msg/PoseBodyActionFeedback.lisp
Symlinking /spot_skills/devel/share/common-lisp/ros/spot_msgs/msg/_package_NavigateRouteActionGoal.lisp
Symlinking /spot_skills/devel/share/common-lisp/ros/spot_msgs/msg/_package_NavigateToFeedback.lisp
Symlinking /spot_skills/devel/share/common-lisp/ros/spot_msgs/msg/_package_TerrainParams.lisp
Symlinking /spot_skills/devel/share/common-lisp/ros/spot_msgs/msg/TrajectoryActionGoal.lisp
Symlinking /spot_skills/devel/share/common-lisp/ros/spot_msgs/msg/_package_WiFiState.lisp
Symlinking /spot_skills/devel/share/common-lisp/ros/spot_msgs/msg/DockGoal.lisp
Symlinking /spot_skills/devel/share/common-lisp/ros/spot_msgs/msg/PoseBodyAction.lisp
Symlinking /spot_skills/devel/share/common-lisp/ros/spot_msgs/msg/_package_NavigateRouteActionFeedback.lisp
Symlinking /spot_skills/devel/share/common-lisp/ros/spot_msgs/msg/FootState.lisp
Symlinking /spot_skills/devel/share/common-lisp/ros/spot_msgs/msg/_package_TrajectoryActionFeedback.lisp
Symlinking /spot_skills/devel/share/common-lisp/ros/spot_msgs/msg/TerrainParams.lisp
Symlinking /spot_skills/devel/share/common-lisp/ros/spot_msgs/msg/_package_NavigateToAction.lisp
Symlinking /spot_skills/devel/share/common-lisp/ros/spot_msgs/msg/_package_ImageProperties.lisp
Symlinking /spot_skills/devel/share/common-lisp/ros/spot_msgs/msg/ImageSource.lisp
Symlinking /spot_skills/devel/share/common-lisp/ros/spot_msgs/msg/FootStateArray.lisp
Symlinking /spot_skills/devel/share/common-lisp/ros/spot_msgs/msg/NavigateRouteActionFeedback.lisp
Symlinking /spot_skills/devel/share/common-lisp/ros/spot_msgs/msg/_package_ImageSource.lisp
Symlinking /spot_skills/devel/share/common-lisp/ros/spot_msgs/msg/_package_TrajectoryResult.lisp
Symlinking /spot_skills/devel/share/common-lisp/ros/spot_msgs/msg/NavigateToActionResult.lisp
Symlinking /spot_skills/devel/share/common-lisp/ros/spot_msgs/msg/Lease.lisp
Symlinking /spot_skills/devel/share/common-lisp/ros/spot_msgs/msg/_package_DockGoal.lisp
Symlinking /spot_skills/devel/share/common-lisp/ros/spot_msgs/msg/_package_TrajectoryFeedback.lisp
Symlinking /spot_skills/devel/share/common-lisp/ros/spot_msgs/msg/NavigateToActionGoal.lisp
Symlinking /spot_skills/devel/share/common-lisp/ros/spot_msgs/msg/AprilTagProperties.lisp
Symlinking /spot_skills/devel/share/common-lisp/ros/spot_msgs/msg/_package_TrajectoryActionResult.lisp
Symlinking /spot_skills/devel/share/common-lisp/ros/spot_msgs/msg/NavigateToFeedback.lisp
Symlinking /spot_skills/devel/share/common-lisp/ros/spot_msgs/msg/_package_ObstacleParams.lisp
Symlinking /spot_skills/devel/share/common-lisp/ros/spot_msgs/msg/_package_NavigateToGoal.lisp
Symlinking /spot_skills/devel/share/common-lisp/ros/spot_msgs/msg/_package_BehaviorFault.lisp
Symlinking /spot_skills/devel/share/common-lisp/ros/spot_msgs/msg/NavigateToResult.lisp
Symlinking /spot_skills/devel/share/common-lisp/ros/spot_msgs/msg/_package_SystemFault.lisp
Symlinking /spot_skills/devel/share/common-lisp/ros/spot_msgs/msg/TerrainState.lisp
Symlinking /spot_skills/devel/share/common-lisp/ros/spot_msgs/msg/MobilityParams.lisp
Symlinking /spot_skills/devel/share/common-lisp/ros/spot_msgs/msg/DockAction.lisp
Symlinking /spot_skills/devel/share/common-lisp/ros/spot_msgs/msg/_package_PoseBodyActionResult.lisp
Symlinking /spot_skills/devel/share/common-lisp/ros/spot_msgs/msg/_package_NavigateToActionGoal.lisp
Symlinking /spot_skills/devel/share/common-lisp/ros/spot_msgs/msg/PoseBodyResult.lisp
Symlinking /spot_skills/devel/share/common-lisp/ros/spot_msgs/msg/SpotCheckKinematic.lisp
Symlinking /spot_skills/devel/share/common-lisp/ros/spot_msgs/msg/DockFeedback.lisp
Symlinking /spot_skills/devel/share/common-lisp/ros/spot_msgs/msg/_package_NavigateToActionFeedback.lisp
Symlinking /spot_skills/devel/share/common-lisp/ros/spot_msgs/msg/_package_TrajectoryActionGoal.lisp
Symlinking /spot_skills/devel/share/common-lisp/ros/spot_msgs/msg/PowerState.lisp
Symlinking /spot_skills/devel/share/common-lisp/ros/spot_msgs/msg/EStopState.lisp
Symlinking /spot_skills/devel/share/common-lisp/ros/spot_msgs/msg/NavigateRouteActionGoal.lisp
Symlinking /spot_skills/devel/share/common-lisp/ros/spot_msgs/msg/PoseBodyActionResult.lisp
Symlinking /spot_skills/devel/share/common-lisp/ros/spot_msgs/msg/TrajectoryAction.lisp
Symlinking /spot_skills/devel/share/common-lisp/ros/spot_msgs/msg/NavigateRouteFeedback.lisp
Symlinking /spot_skills/devel/share/common-lisp/ros/spot_msgs/msg/NavigateRouteGoal.lisp
Symlinking /spot_skills/devel/share/common-lisp/ros/spot_msgs/msg/_package_LeaseArray.lisp
Symlinking /spot_skills/devel/share/common-lisp/ros/spot_msgs/msg/_package_LeaseOwner.lisp
Symlinking /spot_skills/devel/share/common-lisp/ros/spot_msgs/msg/LeaseArray.lisp
Symlinking /spot_skills/devel/share/common-lisp/ros/spot_msgs/msg/_package_PoseBodyActionGoal.lisp
Symlinking /spot_skills/devel/share/common-lisp/ros/spot_msgs/msg/PoseBodyFeedback.lisp
Symlinking /spot_skills/devel/share/common-lisp/ros/spot_msgs/msg/_package_SpotCheckKinematic.lisp
Symlinking /spot_skills/devel/share/common-lisp/ros/spot_msgs/msg/SystemFault.lisp
Symlinking /spot_skills/devel/share/common-lisp/ros/spot_msgs/msg/_package_BehaviorFaultState.lisp
Symlinking /spot_skills/devel/share/common-lisp/ros/spot_msgs/msg/_package_PoseBodyAction.lisp
Symlinking /spot_skills/devel/share/common-lisp/ros/spot_msgs/msg/DockActionGoal.lisp
Symlinking /spot_skills/devel/share/common-lisp/ros/spot_msgs/msg/FrameTreeSnapshot.lisp
Symlinking /spot_skills/devel/share/common-lisp/ros/spot_msgs/msg/WorldObjectArray.lisp
Symlinking /spot_skills/devel/share/common-lisp/ros/spot_msgs/msg/_package_EStopStateArray.lisp
Symlinking /spot_skills/devel/share/common-lisp/ros/spot_msgs/msg/DockActionResult.lisp
Symlinking /spot_skills/devel/share/common-lisp/ros/spot_msgs/msg/_package_DockResult.lisp
Symlinking /spot_skills/devel/share/common-lisp/ros/spot_msgs/msg/DockActionFeedback.lisp
Symlinking /spot_skills/devel/share/common-lisp/ros/spot_msgs/msg/LeaseOwner.lisp
Symlinking /spot_skills/devel/share/common-lisp/ros/spot_msgs/msg/ObstacleParams.lisp
Symlinking /spot_skills/devel/share/common-lisp/ros/spot_msgs/msg/SpotCheckDepth.lisp
Symlinking /spot_skills/devel/share/common-lisp/ros/spot_msgs/msg/_package_DockFeedback.lisp
Symlinking /spot_skills/devel/share/common-lisp/ros/spot_msgs/msg/_package_SpotCheckDepth.lisp
Symlinking /spot_skills/devel/share/common-lisp/ros/spot_msgs/msg/_package_PoseBodyActionFeedback.lisp
Symlinking /spot_skills/devel/share/common-lisp/ros/spot_msgs/srv/_package_SetTerrainParams.lisp
Symlinking /spot_skills/devel/share/common-lisp/ros/spot_msgs/srv/_package_ConstrainedArmJointMovement.lisp
Symlinking /spot_skills/devel/share/common-lisp/ros/spot_msgs/srv/Dock.lisp
Symlinking /spot_skills/devel/share/common-lisp/ros/spot_msgs/srv/SetLocomotion.lisp
Symlinking /spot_skills/devel/share/common-lisp/ros/spot_msgs/srv/GripperAngleMove.lisp
Symlinking /spot_skills/devel/share/common-lisp/ros/spot_msgs/srv/_package_GripperAngleMove.lisp
Symlinking /spot_skills/devel/share/common-lisp/ros/spot_msgs/srv/PosedStand.lisp
Symlinking /spot_skills/devel/share/common-lisp/ros/spot_msgs/srv/_package_HandPose.lisp
Symlinking /spot_skills/devel/share/common-lisp/ros/spot_msgs/srv/_package_SetVelocity.lisp
Symlinking /spot_skills/devel/share/common-lisp/ros/spot_msgs/srv/SetVelocity.lisp
Symlinking /spot_skills/devel/share/common-lisp/ros/spot_msgs/srv/_package_SpotCheck.lisp
Symlinking /spot_skills/devel/share/common-lisp/ros/spot_msgs/srv/_package_GraphCloseLoops.lisp
Symlinking /spot_skills/devel/share/common-lisp/ros/spot_msgs/srv/_package_SetSwingHeight.lisp
Symlinking /spot_skills/devel/share/common-lisp/ros/spot_msgs/srv/GraphCloseLoops.lisp
Symlinking /spot_skills/devel/share/common-lisp/ros/spot_msgs/srv/_package_SetObstacleParams.lisp
Symlinking /spot_skills/devel/share/common-lisp/ros/spot_msgs/srv/_package.lisp
Symlinking /spot_skills/devel/share/common-lisp/ros/spot_msgs/srv/ArmForceTrajectory.lisp
Symlinking /spot_skills/devel/share/common-lisp/ros/spot_msgs/srv/_package_GetDockState.lisp
Symlinking /spot_skills/devel/share/common-lisp/ros/spot_msgs/srv/NavigateInit.lisp
Symlinking /spot_skills/devel/share/common-lisp/ros/spot_msgs/srv/ArmJointMovement.lisp
Symlinking /spot_skills/devel/share/common-lisp/ros/spot_msgs/srv/_package_SetLocomotion.lisp
Symlinking /spot_skills/devel/share/common-lisp/ros/spot_msgs/srv/SetSwingHeight.lisp
Symlinking /spot_skills/devel/share/common-lisp/ros/spot_msgs/srv/_package_ArmForceTrajectory.lisp
Symlinking /spot_skills/devel/share/common-lisp/ros/spot_msgs/srv/SetTerrainParams.lisp
Symlinking /spot_skills/devel/share/common-lisp/ros/spot_msgs/srv/GetDockState.lisp
Symlinking /spot_skills/devel/share/common-lisp/ros/spot_msgs/srv/_package_Dock.lisp
Symlinking /spot_skills/devel/share/common-lisp/ros/spot_msgs/srv/SetObstacleParams.lisp
Symlinking /spot_skills/devel/share/common-lisp/ros/spot_msgs/srv/_package_ClearBehaviorFault.lisp
Symlinking /spot_skills/devel/share/common-lisp/ros/spot_msgs/srv/SpotCheck.lisp
Symlinking /spot_skills/devel/share/common-lisp/ros/spot_msgs/srv/ClearBehaviorFault.lisp
Symlinking /spot_skills/devel/share/common-lisp/ros/spot_msgs/srv/_package_ArmJointMovement.lisp
Symlinking /spot_skills/devel/share/common-lisp/ros/spot_msgs/srv/_package_ListGraph.lisp
Symlinking /spot_skills/devel/share/common-lisp/ros/spot_msgs/srv/_package_DownloadGraph.lisp
Symlinking /spot_skills/devel/share/common-lisp/ros/spot_msgs/srv/ListGraph.lisp
Symlinking /spot_skills/devel/share/common-lisp/ros/spot_msgs/srv/ConstrainedArmJointMovement.lisp
Symlinking /spot_skills/devel/share/common-lisp/ros/spot_msgs/srv/HandPose.lisp
Symlinking /spot_skills/devel/share/common-lisp/ros/spot_msgs/srv/spot_msgs-srv.asd
Symlinking /spot_skills/devel/share/common-lisp/ros/spot_msgs/srv/_package_NavigateInit.lisp
Symlinking /spot_skills/devel/share/common-lisp/ros/spot_msgs/srv/DownloadGraph.lisp
Symlinking /spot_skills/devel/share/common-lisp/ros/spot_msgs/srv/_package_PosedStand.lisp
Symlinking /spot_skills/devel/share/common-lisp/ros/spot_msgs/srv/_package_Grasp3d.lisp
Symlinking /spot_skills/devel/share/common-lisp/ros/spot_msgs/srv/Grasp3d.lisp
Symlinking /spot_skills/devel/lib/python3/dist-packages/spot_msgs/__init__.py
Symlinking /spot_skills/devel/lib/python3/dist-packages/spot_msgs/msg/_BehaviorFault.py
Symlinking /spot_skills/devel/lib/python3/dist-packages/spot_msgs/msg/_WorldObjectArray.py
Symlinking /spot_skills/devel/lib/python3/dist-packages/spot_msgs/msg/_Lease.py
Symlinking /spot_skills/devel/lib/python3/dist-packages/spot_msgs/msg/_DockState.py
Symlinking /spot_skills/devel/lib/python3/dist-packages/spot_msgs/msg/_LeaseResource.py
Symlinking /spot_skills/devel/lib/python3/dist-packages/spot_msgs/msg/_ParentEdge.py
Symlinking /spot_skills/devel/lib/python3/dist-packages/spot_msgs/msg/_AprilTagProperties.py
Symlinking /spot_skills/devel/lib/python3/dist-packages/spot_msgs/msg/_DockFeedback.py
Symlinking /spot_skills/devel/lib/python3/dist-packages/spot_msgs/msg/_TrajectoryActionGoal.py
Symlinking /spot_skills/devel/lib/python3/dist-packages/spot_msgs/msg/_ImageCapture.py
Symlinking /spot_skills/devel/lib/python3/dist-packages/spot_msgs/msg/_DockAction.py
Symlinking /spot_skills/devel/lib/python3/dist-packages/spot_msgs/msg/_ImageProperties.py
Symlinking /spot_skills/devel/lib/python3/dist-packages/spot_msgs/msg/_ImageSource.py
Symlinking /spot_skills/devel/lib/python3/dist-packages/spot_msgs/msg/_LeaseOwner.py
Symlinking /spot_skills/devel/lib/python3/dist-packages/spot_msgs/msg/_PoseBodyActionFeedback.py
Symlinking /spot_skills/devel/lib/python3/dist-packages/spot_msgs/msg/_PoseBodyFeedback.py
Symlinking /spot_skills/devel/lib/python3/dist-packages/spot_msgs/msg/_TrajectoryResult.py
Symlinking /spot_skills/devel/lib/python3/dist-packages/spot_msgs/msg/_DockResult.py
Symlinking /spot_skills/devel/lib/python3/dist-packages/spot_msgs/msg/_NavigateToActionFeedback.py
Symlinking /spot_skills/devel/lib/python3/dist-packages/spot_msgs/msg/_TrajectoryGoal.py
Symlinking /spot_skills/devel/lib/python3/dist-packages/spot_msgs/msg/_WorldObject.py
Symlinking /spot_skills/devel/lib/python3/dist-packages/spot_msgs/msg/_DockActionResult.py
Symlinking /spot_skills/devel/lib/python3/dist-packages/spot_msgs/msg/_PowerState.py
Symlinking /spot_skills/devel/lib/python3/dist-packages/spot_msgs/msg/_FootState.py
Symlinking /spot_skills/devel/lib/python3/dist-packages/spot_msgs/msg/_TerrainState.py
Symlinking /spot_skills/devel/lib/python3/dist-packages/spot_msgs/msg/_Feedback.py
Symlinking /spot_skills/devel/lib/python3/dist-packages/spot_msgs/msg/_NavigateRouteActionFeedback.py
Symlinking /spot_skills/devel/lib/python3/dist-packages/spot_msgs/msg/_TrajectoryAction.py
Symlinking /spot_skills/devel/lib/python3/dist-packages/spot_msgs/msg/_MobilityParams.py
Symlinking /spot_skills/devel/lib/python3/dist-packages/spot_msgs/msg/_NavigateRouteActionGoal.py
Symlinking /spot_skills/devel/lib/python3/dist-packages/spot_msgs/msg/__init__.py
Symlinking /spot_skills/devel/lib/python3/dist-packages/spot_msgs/msg/_SpotCheckHipROM.py
Symlinking /spot_skills/devel/lib/python3/dist-packages/spot_msgs/msg/_SpotCheckKinematic.py
Symlinking /spot_skills/devel/lib/python3/dist-packages/spot_msgs/msg/_PoseBodyActionResult.py
Symlinking /spot_skills/devel/lib/python3/dist-packages/spot_msgs/msg/_SpotCheckLoadCell.py
Symlinking /spot_skills/devel/lib/python3/dist-packages/spot_msgs/msg/_SystemFaultState.py
Symlinking /spot_skills/devel/lib/python3/dist-packages/spot_msgs/msg/_PoseBodyResult.py
Symlinking /spot_skills/devel/lib/python3/dist-packages/spot_msgs/msg/_Metrics.py
Symlinking /spot_skills/devel/lib/python3/dist-packages/spot_msgs/msg/_NavigateRouteAction.py
Symlinking /spot_skills/devel/lib/python3/dist-packages/spot_msgs/msg/_DockActionFeedback.py
Symlinking /spot_skills/devel/lib/python3/dist-packages/spot_msgs/msg/_PoseBodyActionGoal.py
Symlinking /spot_skills/devel/lib/python3/dist-packages/spot_msgs/msg/_NavigateRouteActionResult.py
Symlinking /spot_skills/devel/lib/python3/dist-packages/spot_msgs/msg/_NavigateToFeedback.py
Symlinking /spot_skills/devel/lib/python3/dist-packages/spot_msgs/msg/_WiFiState.py
Symlinking /spot_skills/devel/lib/python3/dist-packages/spot_msgs/msg/_SystemFault.py
Symlinking /spot_skills/devel/lib/python3/dist-packages/spot_msgs/msg/_NavigateToActionGoal.py
Symlinking /spot_skills/devel/lib/python3/dist-packages/spot_msgs/msg/_NavigateRouteResult.py
Symlinking /spot_skills/devel/lib/python3/dist-packages/spot_msgs/msg/_DockGoal.py
Symlinking /spot_skills/devel/lib/python3/dist-packages/spot_msgs/msg/_TerrainParams.py
Symlinking /spot_skills/devel/lib/python3/dist-packages/spot_msgs/msg/_TrajectoryActionFeedback.py
Symlinking /spot_skills/devel/lib/python3/dist-packages/spot_msgs/msg/_PoseBodyGoal.py
Symlinking /spot_skills/devel/lib/python3/dist-packages/spot_msgs/msg/_NavigateRouteFeedback.py
Symlinking /spot_skills/devel/lib/python3/dist-packages/spot_msgs/msg/_LeaseArray.py
Symlinking /spot_skills/devel/lib/python3/dist-packages/spot_msgs/msg/_SpotCheckDepth.py
Symlinking /spot_skills/devel/lib/python3/dist-packages/spot_msgs/msg/_SpotCheckPayload.py
Symlinking /spot_skills/devel/lib/python3/dist-packages/spot_msgs/msg/_NavigateToGoal.py
Symlinking /spot_skills/devel/lib/python3/dist-packages/spot_msgs/msg/_BatteryState.py
Symlinking /spot_skills/devel/lib/python3/dist-packages/spot_msgs/msg/_NavigateToResult.py
Symlinking /spot_skills/devel/lib/python3/dist-packages/spot_msgs/msg/_ObstacleParams.py
Symlinking /spot_skills/devel/lib/python3/dist-packages/spot_msgs/msg/_NavigateToActionResult.py
Symlinking /spot_skills/devel/lib/python3/dist-packages/spot_msgs/msg/_NavigateRouteGoal.py
Symlinking /spot_skills/devel/lib/python3/dist-packages/spot_msgs/msg/_FootStateArray.py
Symlinking /spot_skills/devel/lib/python3/dist-packages/spot_msgs/msg/_NavigateToAction.py
Symlinking /spot_skills/devel/lib/python3/dist-packages/spot_msgs/msg/_TrajectoryActionResult.py
Symlinking /spot_skills/devel/lib/python3/dist-packages/spot_msgs/msg/_FrameTreeSnapshot.py
Symlinking /spot_skills/devel/lib/python3/dist-packages/spot_msgs/msg/_PoseBodyAction.py
Symlinking /spot_skills/devel/lib/python3/dist-packages/spot_msgs/msg/_TrajectoryFeedback.py
Symlinking /spot_skills/devel/lib/python3/dist-packages/spot_msgs/msg/_BatteryStateArray.py
Symlinking /spot_skills/devel/lib/python3/dist-packages/spot_msgs/msg/_BehaviorFaultState.py
Symlinking /spot_skills/devel/lib/python3/dist-packages/spot_msgs/msg/_EStopState.py
Symlinking /spot_skills/devel/lib/python3/dist-packages/spot_msgs/msg/_EStopStateArray.py
Symlinking /spot_skills/devel/lib/python3/dist-packages/spot_msgs/msg/_DockActionGoal.py
Symlinking /spot_skills/devel/lib/python3/dist-packages/spot_msgs/srv/_ClearBehaviorFault.py
Symlinking /spot_skills/devel/lib/python3/dist-packages/spot_msgs/srv/_SetLocomotion.py
Symlinking /spot_skills/devel/lib/python3/dist-packages/spot_msgs/srv/_GetDockState.py
Symlinking /spot_skills/devel/lib/python3/dist-packages/spot_msgs/srv/_PosedStand.py
Symlinking /spot_skills/devel/lib/python3/dist-packages/spot_msgs/srv/_SetTerrainParams.py
Symlinking /spot_skills/devel/lib/python3/dist-packages/spot_msgs/srv/_GripperAngleMove.py
Symlinking /spot_skills/devel/lib/python3/dist-packages/spot_msgs/srv/_GraphCloseLoops.py
Symlinking /spot_skills/devel/lib/python3/dist-packages/spot_msgs/srv/_Grasp3d.py
Symlinking /spot_skills/devel/lib/python3/dist-packages/spot_msgs/srv/_ConstrainedArmJointMovement.py
Symlinking /spot_skills/devel/lib/python3/dist-packages/spot_msgs/srv/__init__.py
Symlinking /spot_skills/devel/lib/python3/dist-packages/spot_msgs/srv/_NavigateInit.py
Symlinking /spot_skills/devel/lib/python3/dist-packages/spot_msgs/srv/_SetObstacleParams.py
Symlinking /spot_skills/devel/lib/python3/dist-packages/spot_msgs/srv/_DownloadGraph.py
Symlinking /spot_skills/devel/lib/python3/dist-packages/spot_msgs/srv/_SetVelocity.py
Symlinking /spot_skills/devel/lib/python3/dist-packages/spot_msgs/srv/_HandPose.py
Symlinking /spot_skills/devel/lib/python3/dist-packages/spot_msgs/srv/_ArmForceTrajectory.py
Symlinking /spot_skills/devel/lib/python3/dist-packages/spot_msgs/srv/_Dock.py
Symlinking /spot_skills/devel/lib/python3/dist-packages/spot_msgs/srv/_SpotCheck.py
Symlinking /spot_skills/devel/lib/python3/dist-packages/spot_msgs/srv/_SetSwingHeight.py
Symlinking /spot_skills/devel/lib/python3/dist-packages/spot_msgs/srv/_ListGraph.py
Symlinking /spot_skills/devel/lib/python3/dist-packages/spot_msgs/srv/_ArmJointMovement.py
Symlinking /spot_skills/devel/lib/pkgconfig/spot_msgs.pc
Symlinking /spot_skills/devel/include/spot_msgs/LeaseOwner.h
Symlinking /spot_skills/devel/include/spot_msgs/NavigateToActionGoal.h
Symlinking /spot_skills/devel/include/spot_msgs/NavigateRouteFeedback.h
Symlinking /spot_skills/devel/include/spot_msgs/SetLocomotion.h
Symlinking /spot_skills/devel/include/spot_msgs/SpotCheckKinematic.h
Symlinking /spot_skills/devel/include/spot_msgs/NavigateInit.h
Symlinking /spot_skills/devel/include/spot_msgs/TrajectoryActionResult.h
Symlinking /spot_skills/devel/include/spot_msgs/HandPoseRequest.h
Symlinking /spot_skills/devel/include/spot_msgs/EStopStateArray.h
Symlinking /spot_skills/devel/include/spot_msgs/ArmJointMovement.h
Symlinking /spot_skills/devel/include/spot_msgs/PoseBodyGoal.h
Symlinking /spot_skills/devel/include/spot_msgs/ConstrainedArmJointMovementResponse.h
Symlinking /spot_skills/devel/include/spot_msgs/BatteryState.h
Symlinking /spot_skills/devel/include/spot_msgs/ArmJointMovementResponse.h
Symlinking /spot_skills/devel/include/spot_msgs/TerrainParams.h
Symlinking /spot_skills/devel/include/spot_msgs/SetVelocityResponse.h
Symlinking /spot_skills/devel/include/spot_msgs/WiFiState.h
Symlinking /spot_skills/devel/include/spot_msgs/GripperAngleMoveResponse.h
Symlinking /spot_skills/devel/include/spot_msgs/DockResponse.h
Symlinking /spot_skills/devel/include/spot_msgs/ImageProperties.h
Symlinking /spot_skills/devel/include/spot_msgs/SetLocomotionRequest.h
Symlinking /spot_skills/devel/include/spot_msgs/SetSwingHeight.h
Symlinking /spot_skills/devel/include/spot_msgs/SetObstacleParams.h
Symlinking /spot_skills/devel/include/spot_msgs/PosedStandRequest.h
Symlinking /spot_skills/devel/include/spot_msgs/NavigateToActionFeedback.h
Symlinking /spot_skills/devel/include/spot_msgs/ArmForceTrajectoryRequest.h
Symlinking /spot_skills/devel/include/spot_msgs/GraphCloseLoopsRequest.h
Symlinking /spot_skills/devel/include/spot_msgs/SystemFaultState.h
Symlinking /spot_skills/devel/include/spot_msgs/NavigateRouteActionResult.h
Symlinking /spot_skills/devel/include/spot_msgs/TrajectoryResult.h
Symlinking /spot_skills/devel/include/spot_msgs/FootStateArray.h
Symlinking /spot_skills/devel/include/spot_msgs/NavigateRouteActionFeedback.h
Symlinking /spot_skills/devel/include/spot_msgs/NavigateInitRequest.h
Symlinking /spot_skills/devel/include/spot_msgs/DockFeedback.h
Symlinking /spot_skills/devel/include/spot_msgs/SetTerrainParamsResponse.h
Symlinking /spot_skills/devel/include/spot_msgs/SpotCheckResponse.h
Symlinking /spot_skills/devel/include/spot_msgs/PoseBodyFeedback.h
Symlinking /spot_skills/devel/include/spot_msgs/GraphCloseLoopsResponse.h
Symlinking /spot_skills/devel/include/spot_msgs/Grasp3d.h
Symlinking /spot_skills/devel/include/spot_msgs/NavigateToGoal.h
Symlinking /spot_skills/devel/include/spot_msgs/SpotCheck.h
Symlinking /spot_skills/devel/include/spot_msgs/DockState.h
Symlinking /spot_skills/devel/include/spot_msgs/PosedStand.h
Symlinking /spot_skills/devel/include/spot_msgs/DockActionResult.h
Symlinking /spot_skills/devel/include/spot_msgs/SetVelocity.h
Symlinking /spot_skills/devel/include/spot_msgs/FootState.h
Symlinking /spot_skills/devel/include/spot_msgs/DownloadGraphRequest.h
Symlinking /spot_skills/devel/include/spot_msgs/HandPose.h
Symlinking /spot_skills/devel/include/spot_msgs/ClearBehaviorFault.h
Symlinking /spot_skills/devel/include/spot_msgs/ListGraphResponse.h
Symlinking /spot_skills/devel/include/spot_msgs/SpotCheckHipROM.h
Symlinking /spot_skills/devel/include/spot_msgs/BehaviorFaultState.h
Symlinking /spot_skills/devel/include/spot_msgs/TrajectoryFeedback.h
Symlinking /spot_skills/devel/include/spot_msgs/NavigateRouteAction.h
Symlinking /spot_skills/devel/include/spot_msgs/ObstacleParams.h
Symlinking /spot_skills/devel/include/spot_msgs/TrajectoryActionGoal.h
Symlinking /spot_skills/devel/include/spot_msgs/NavigateToFeedback.h
Symlinking /spot_skills/devel/include/spot_msgs/SpotCheckPayload.h
Symlinking /spot_skills/devel/include/spot_msgs/FrameTreeSnapshot.h
Symlinking /spot_skills/devel/include/spot_msgs/PoseBodyAction.h
Symlinking /spot_skills/devel/include/spot_msgs/ArmJointMovementRequest.h
Symlinking /spot_skills/devel/include/spot_msgs/ListGraph.h
Symlinking /spot_skills/devel/include/spot_msgs/SetLocomotionResponse.h
Symlinking /spot_skills/devel/include/spot_msgs/ParentEdge.h
Symlinking /spot_skills/devel/include/spot_msgs/ClearBehaviorFaultResponse.h
Symlinking /spot_skills/devel/include/spot_msgs/GetDockStateResponse.h
Symlinking /spot_skills/devel/include/spot_msgs/Feedback.h
Symlinking /spot_skills/devel/include/spot_msgs/NavigateRouteActionGoal.h
Symlinking /spot_skills/devel/include/spot_msgs/ConstrainedArmJointMovement.h
Symlinking /spot_skills/devel/include/spot_msgs/LeaseResource.h
Symlinking /spot_skills/devel/include/spot_msgs/NavigateRouteGoal.h
Symlinking /spot_skills/devel/include/spot_msgs/NavigateInitResponse.h
Symlinking /spot_skills/devel/include/spot_msgs/DockAction.h
Symlinking /spot_skills/devel/include/spot_msgs/SetVelocityRequest.h
Symlinking /spot_skills/devel/include/spot_msgs/PowerState.h
Symlinking /spot_skills/devel/include/spot_msgs/SpotCheckRequest.h
Symlinking /spot_skills/devel/include/spot_msgs/SetObstacleParamsResponse.h
Symlinking /spot_skills/devel/include/spot_msgs/SetObstacleParamsRequest.h
Symlinking /spot_skills/devel/include/spot_msgs/SystemFault.h
Symlinking /spot_skills/devel/include/spot_msgs/NavigateToAction.h
Symlinking /spot_skills/devel/include/spot_msgs/ListGraphRequest.h
Symlinking /spot_skills/devel/include/spot_msgs/SetSwingHeightRequest.h
Symlinking /spot_skills/devel/include/spot_msgs/DockResult.h
Symlinking /spot_skills/devel/include/spot_msgs/ImageSource.h
Symlinking /spot_skills/devel/include/spot_msgs/TrajectoryAction.h
Symlinking /spot_skills/devel/include/spot_msgs/BatteryStateArray.h
Symlinking /spot_skills/devel/include/spot_msgs/MobilityParams.h
Symlinking /spot_skills/devel/include/spot_msgs/SetSwingHeightResponse.h
Symlinking /spot_skills/devel/include/spot_msgs/PoseBodyActionResult.h
Symlinking /spot_skills/devel/include/spot_msgs/NavigateRouteResult.h
Symlinking /spot_skills/devel/include/spot_msgs/GripperAngleMove.h
Symlinking /spot_skills/devel/include/spot_msgs/ArmForceTrajectory.h
Symlinking /spot_skills/devel/include/spot_msgs/Lease.h
Symlinking /spot_skills/devel/include/spot_msgs/ClearBehaviorFaultRequest.h
Symlinking /spot_skills/devel/include/spot_msgs/TerrainState.h
Symlinking /spot_skills/devel/include/spot_msgs/DockRequest.h
Symlinking /spot_skills/devel/include/spot_msgs/AprilTagProperties.h
Symlinking /spot_skills/devel/include/spot_msgs/WorldObject.h
Symlinking /spot_skills/devel/include/spot_msgs/DockActionGoal.h
Symlinking /spot_skills/devel/include/spot_msgs/TrajectoryActionFeedback.h
Symlinking /spot_skills/devel/include/spot_msgs/ImageCapture.h
Symlinking /spot_skills/devel/include/spot_msgs/ConstrainedArmJointMovementRequest.h
Symlinking /spot_skills/devel/include/spot_msgs/NavigateToResult.h
Symlinking /spot_skills/devel/include/spot_msgs/GetDockStateRequest.h
Symlinking /spot_skills/devel/include/spot_msgs/NavigateToActionResult.h
Symlinking /spot_skills/devel/include/spot_msgs/EStopState.h
Symlinking /spot_skills/devel/include/spot_msgs/PoseBodyActionGoal.h
Symlinking /spot_skills/devel/include/spot_msgs/SpotCheckDepth.h
Symlinking /spot_skills/devel/include/spot_msgs/SetTerrainParamsRequest.h
Symlinking /spot_skills/devel/include/spot_msgs/GripperAngleMoveRequest.h
Symlinking /spot_skills/devel/include/spot_msgs/DockActionFeedback.h
Symlinking /spot_skills/devel/include/spot_msgs/SetTerrainParams.h
Symlinking /spot_skills/devel/include/spot_msgs/HandPoseResponse.h
Symlinking /spot_skills/devel/include/spot_msgs/Grasp3dRequest.h
Symlinking /spot_skills/devel/include/spot_msgs/GetDockState.h
Symlinking /spot_skills/devel/include/spot_msgs/SpotCheckLoadCell.h
Symlinking /spot_skills/devel/include/spot_msgs/WorldObjectArray.h
Symlinking /spot_skills/devel/include/spot_msgs/ArmForceTrajectoryResponse.h
Symlinking /spot_skills/devel/include/spot_msgs/DownloadGraph.h
Symlinking /spot_skills/devel/include/spot_msgs/Dock.h
Symlinking /spot_skills/devel/include/spot_msgs/BehaviorFault.h
Symlinking /spot_skills/devel/include/spot_msgs/DownloadGraphResponse.h
Symlinking /spot_skills/devel/include/spot_msgs/PosedStandResponse.h
Symlinking /spot_skills/devel/include/spot_msgs/PoseBodyResult.h
Symlinking /spot_skills/devel/include/spot_msgs/DockGoal.h
Symlinking /spot_skills/devel/include/spot_msgs/TrajectoryGoal.h
Symlinking /spot_skills/devel/include/spot_msgs/PoseBodyActionFeedback.h
Symlinking /spot_skills/devel/include/spot_msgs/Grasp3dResponse.h
Symlinking /spot_skills/devel/include/spot_msgs/Metrics.h
Symlinking /spot_skills/devel/include/spot_msgs/GraphCloseLoops.h
Symlinking /spot_skills/devel/include/spot_msgs/LeaseArray.h
