Symlinking /spot_skills/devel/share/spot_cam/msg/LookAtPointActionFeedback.msg
Symlinking /spot_skills/devel/share/spot_cam/msg/LookAtPointActionResult.msg
Symlinking /spot_skills/devel/share/spot_cam/msg/LookAtPointActionGoal.msg
Symlinking /spot_skills/devel/share/spot_cam/msg/LookAtPointResult.msg
Symlinking /spot_skills/devel/share/spot_cam/msg/LookAtPointFeedback.msg
Symlinking /spot_skills/devel/share/spot_cam/msg/LookAtPointGoal.msg
Symlinking /spot_skills/devel/share/spot_cam/msg/LookAtPointAction.msg
Symlinking /spot_skills/devel/share/spot_cam/cmake/spot_cam-msg-paths.cmake
Symlinking /spot_skills/devel/share/spot_cam/cmake/spot_cam-msg-extras.cmake
Symlinking /spot_skills/devel/share/spot_cam/cmake/spot_camConfig.cmake
Symlinking /spot_skills/devel/share/spot_cam/cmake/spot_camConfig-version.cmake
Symlinking /spot_skills/devel/share/roseus/ros/spot_cam/manifest.l
Symlinking /spot_skills/devel/share/roseus/ros/spot_cam/msg/BITStatus.l
Symlinking /spot_skills/devel/share/roseus/ros/spot_cam/msg/LookAtPointResult.l
Symlinking /spot_skills/devel/share/roseus/ros/spot_cam/msg/PowerStatus.l
Symlinking /spot_skills/devel/share/roseus/ros/spot_cam/msg/PTZDescription.l
Symlinking /spot_skills/devel/share/roseus/ros/spot_cam/msg/PTZStateArray.l
Symlinking /spot_skills/devel/share/roseus/ros/spot_cam/msg/Temperature.l
Symlinking /spot_skills/devel/share/roseus/ros/spot_cam/msg/StreamParams.l
Symlinking /spot_skills/devel/share/roseus/ros/spot_cam/msg/LookAtPointActionResult.l
Symlinking /spot_skills/devel/share/roseus/ros/spot_cam/msg/LookAtPointAction.l
Symlinking /spot_skills/devel/share/roseus/ros/spot_cam/msg/PTZState.l
Symlinking /spot_skills/devel/share/roseus/ros/spot_cam/msg/LookAtPointActionGoal.l
Symlinking /spot_skills/devel/share/roseus/ros/spot_cam/msg/TemperatureArray.l
Symlinking /spot_skills/devel/share/roseus/ros/spot_cam/msg/LookAtPointGoal.l
Symlinking /spot_skills/devel/share/roseus/ros/spot_cam/msg/LookAtPointActionFeedback.l
Symlinking /spot_skills/devel/share/roseus/ros/spot_cam/msg/LookAtPointFeedback.l
Symlinking /spot_skills/devel/share/roseus/ros/spot_cam/msg/StringMultiArray.l
Symlinking /spot_skills/devel/share/roseus/ros/spot_cam/msg/PTZLimits.l
Symlinking /spot_skills/devel/share/roseus/ros/spot_cam/msg/Degradation.l
Symlinking /spot_skills/devel/share/roseus/ros/spot_cam/msg/PTZDescriptionArray.l
Symlinking /spot_skills/devel/share/roseus/ros/spot_cam/srv/SetFloat.l
Symlinking /spot_skills/devel/share/roseus/ros/spot_cam/srv/SetPTZState.l
Symlinking /spot_skills/devel/share/roseus/ros/spot_cam/srv/SetIRColormap.l
Symlinking /spot_skills/devel/share/roseus/ros/spot_cam/srv/SetIRMeterOverlay.l
Symlinking /spot_skills/devel/share/roseus/ros/spot_cam/srv/SetString.l
Symlinking /spot_skills/devel/share/roseus/ros/spot_cam/srv/SetStreamParams.l
Symlinking /spot_skills/devel/share/roseus/ros/spot_cam/srv/LookAtPoint.l
Symlinking /spot_skills/devel/share/roseus/ros/spot_cam/srv/SetBool.l
Symlinking /spot_skills/devel/share/roseus/ros/spot_cam/srv/LoadSound.l
Symlinking /spot_skills/devel/share/roseus/ros/spot_cam/srv/PlaySound.l
Symlinking /spot_skills/devel/share/gennodejs/ros/spot_cam/_index.js
Symlinking /spot_skills/devel/share/gennodejs/ros/spot_cam/msg/LookAtPointActionFeedback.js
Symlinking /spot_skills/devel/share/gennodejs/ros/spot_cam/msg/Degradation.js
Symlinking /spot_skills/devel/share/gennodejs/ros/spot_cam/msg/LookAtPointGoal.js
Symlinking /spot_skills/devel/share/gennodejs/ros/spot_cam/msg/StringMultiArray.js
Symlinking /spot_skills/devel/share/gennodejs/ros/spot_cam/msg/_index.js
Symlinking /spot_skills/devel/share/gennodejs/ros/spot_cam/msg/PTZDescription.js
Symlinking /spot_skills/devel/share/gennodejs/ros/spot_cam/msg/PTZLimits.js
Symlinking /spot_skills/devel/share/gennodejs/ros/spot_cam/msg/PTZState.js
Symlinking /spot_skills/devel/share/gennodejs/ros/spot_cam/msg/PowerStatus.js
Symlinking /spot_skills/devel/share/gennodejs/ros/spot_cam/msg/Temperature.js
Symlinking /spot_skills/devel/share/gennodejs/ros/spot_cam/msg/LookAtPointResult.js
Symlinking /spot_skills/devel/share/gennodejs/ros/spot_cam/msg/StreamParams.js
Symlinking /spot_skills/devel/share/gennodejs/ros/spot_cam/msg/LookAtPointActionResult.js
Symlinking /spot_skills/devel/share/gennodejs/ros/spot_cam/msg/PTZDescriptionArray.js
Symlinking /spot_skills/devel/share/gennodejs/ros/spot_cam/msg/TemperatureArray.js
Symlinking /spot_skills/devel/share/gennodejs/ros/spot_cam/msg/LookAtPointAction.js
Symlinking /spot_skills/devel/share/gennodejs/ros/spot_cam/msg/BITStatus.js
Symlinking /spot_skills/devel/share/gennodejs/ros/spot_cam/msg/LookAtPointFeedback.js
Symlinking /spot_skills/devel/share/gennodejs/ros/spot_cam/msg/LookAtPointActionGoal.js
Symlinking /spot_skills/devel/share/gennodejs/ros/spot_cam/msg/PTZStateArray.js
Symlinking /spot_skills/devel/share/gennodejs/ros/spot_cam/srv/LookAtPoint.js
Symlinking /spot_skills/devel/share/gennodejs/ros/spot_cam/srv/SetIRColormap.js
Symlinking /spot_skills/devel/share/gennodejs/ros/spot_cam/srv/_index.js
Symlinking /spot_skills/devel/share/gennodejs/ros/spot_cam/srv/SetPTZState.js
Symlinking /spot_skills/devel/share/gennodejs/ros/spot_cam/srv/SetString.js
Symlinking /spot_skills/devel/share/gennodejs/ros/spot_cam/srv/LoadSound.js
Symlinking /spot_skills/devel/share/gennodejs/ros/spot_cam/srv/PlaySound.js
Symlinking /spot_skills/devel/share/gennodejs/ros/spot_cam/srv/SetStreamParams.js
Symlinking /spot_skills/devel/share/gennodejs/ros/spot_cam/srv/SetFloat.js
Symlinking /spot_skills/devel/share/gennodejs/ros/spot_cam/srv/SetIRMeterOverlay.js
Symlinking /spot_skills/devel/share/gennodejs/ros/spot_cam/srv/SetBool.js
Symlinking /spot_skills/devel/share/common-lisp/ros/spot_cam/msg/Degradation.lisp
Symlinking /spot_skills/devel/share/common-lisp/ros/spot_cam/msg/BITStatus.lisp
Symlinking /spot_skills/devel/share/common-lisp/ros/spot_cam/msg/_package_LookAtPointActionFeedback.lisp
Symlinking /spot_skills/devel/share/common-lisp/ros/spot_cam/msg/LookAtPointGoal.lisp
Symlinking /spot_skills/devel/share/common-lisp/ros/spot_cam/msg/_package_LookAtPointActionGoal.lisp
Symlinking /spot_skills/devel/share/common-lisp/ros/spot_cam/msg/Temperature.lisp
Symlinking /spot_skills/devel/share/common-lisp/ros/spot_cam/msg/_package_TemperatureArray.lisp
Symlinking /spot_skills/devel/share/common-lisp/ros/spot_cam/msg/_package_StreamParams.lisp
Symlinking /spot_skills/devel/share/common-lisp/ros/spot_cam/msg/_package.lisp
Symlinking /spot_skills/devel/share/common-lisp/ros/spot_cam/msg/_package_Temperature.lisp
Symlinking /spot_skills/devel/share/common-lisp/ros/spot_cam/msg/StringMultiArray.lisp
Symlinking /spot_skills/devel/share/common-lisp/ros/spot_cam/msg/_package_PowerStatus.lisp
Symlinking /spot_skills/devel/share/common-lisp/ros/spot_cam/msg/_package_PTZDescription.lisp
Symlinking /spot_skills/devel/share/common-lisp/ros/spot_cam/msg/PTZDescriptionArray.lisp
Symlinking /spot_skills/devel/share/common-lisp/ros/spot_cam/msg/_package_LookAtPointFeedback.lisp
Symlinking /spot_skills/devel/share/common-lisp/ros/spot_cam/msg/PTZLimits.lisp
Symlinking /spot_skills/devel/share/common-lisp/ros/spot_cam/msg/_package_BITStatus.lisp
Symlinking /spot_skills/devel/share/common-lisp/ros/spot_cam/msg/_package_LookAtPointGoal.lisp
Symlinking /spot_skills/devel/share/common-lisp/ros/spot_cam/msg/LookAtPointAction.lisp
Symlinking /spot_skills/devel/share/common-lisp/ros/spot_cam/msg/_package_LookAtPointResult.lisp
Symlinking /spot_skills/devel/share/common-lisp/ros/spot_cam/msg/_package_PTZDescriptionArray.lisp
Symlinking /spot_skills/devel/share/common-lisp/ros/spot_cam/msg/LookAtPointActionFeedback.lisp
Symlinking /spot_skills/devel/share/common-lisp/ros/spot_cam/msg/PowerStatus.lisp
Symlinking /spot_skills/devel/share/common-lisp/ros/spot_cam/msg/LookAtPointResult.lisp
Symlinking /spot_skills/devel/share/common-lisp/ros/spot_cam/msg/LookAtPointActionResult.lisp
Symlinking /spot_skills/devel/share/common-lisp/ros/spot_cam/msg/_package_StringMultiArray.lisp
Symlinking /spot_skills/devel/share/common-lisp/ros/spot_cam/msg/PTZStateArray.lisp
Symlinking /spot_skills/devel/share/common-lisp/ros/spot_cam/msg/LookAtPointActionGoal.lisp
Symlinking /spot_skills/devel/share/common-lisp/ros/spot_cam/msg/_package_PTZStateArray.lisp
Symlinking /spot_skills/devel/share/common-lisp/ros/spot_cam/msg/_package_PTZLimits.lisp
Symlinking /spot_skills/devel/share/common-lisp/ros/spot_cam/msg/PTZState.lisp
Symlinking /spot_skills/devel/share/common-lisp/ros/spot_cam/msg/StreamParams.lisp
Symlinking /spot_skills/devel/share/common-lisp/ros/spot_cam/msg/_package_Degradation.lisp
Symlinking /spot_skills/devel/share/common-lisp/ros/spot_cam/msg/_package_PTZState.lisp
Symlinking /spot_skills/devel/share/common-lisp/ros/spot_cam/msg/_package_LookAtPointActionResult.lisp
Symlinking /spot_skills/devel/share/common-lisp/ros/spot_cam/msg/LookAtPointFeedback.lisp
Symlinking /spot_skills/devel/share/common-lisp/ros/spot_cam/msg/TemperatureArray.lisp
Symlinking /spot_skills/devel/share/common-lisp/ros/spot_cam/msg/PTZDescription.lisp
Symlinking /spot_skills/devel/share/common-lisp/ros/spot_cam/msg/_package_LookAtPointAction.lisp
Symlinking /spot_skills/devel/share/common-lisp/ros/spot_cam/msg/spot_cam-msg.asd
Symlinking /spot_skills/devel/share/common-lisp/ros/spot_cam/srv/_package_SetIRColormap.lisp
Symlinking /spot_skills/devel/share/common-lisp/ros/spot_cam/srv/SetStreamParams.lisp
Symlinking /spot_skills/devel/share/common-lisp/ros/spot_cam/srv/SetFloat.lisp
Symlinking /spot_skills/devel/share/common-lisp/ros/spot_cam/srv/_package_SetFloat.lisp
Symlinking /spot_skills/devel/share/common-lisp/ros/spot_cam/srv/_package_SetString.lisp
Symlinking /spot_skills/devel/share/common-lisp/ros/spot_cam/srv/SetIRColormap.lisp
Symlinking /spot_skills/devel/share/common-lisp/ros/spot_cam/srv/_package_LoadSound.lisp
Symlinking /spot_skills/devel/share/common-lisp/ros/spot_cam/srv/_package_SetPTZState.lisp
Symlinking /spot_skills/devel/share/common-lisp/ros/spot_cam/srv/_package.lisp
Symlinking /spot_skills/devel/share/common-lisp/ros/spot_cam/srv/SetString.lisp
Symlinking /spot_skills/devel/share/common-lisp/ros/spot_cam/srv/_package_SetIRMeterOverlay.lisp
Symlinking /spot_skills/devel/share/common-lisp/ros/spot_cam/srv/_package_LookAtPoint.lisp
Symlinking /spot_skills/devel/share/common-lisp/ros/spot_cam/srv/PlaySound.lisp
Symlinking /spot_skills/devel/share/common-lisp/ros/spot_cam/srv/SetIRMeterOverlay.lisp
Symlinking /spot_skills/devel/share/common-lisp/ros/spot_cam/srv/_package_SetBool.lisp
Symlinking /spot_skills/devel/share/common-lisp/ros/spot_cam/srv/LookAtPoint.lisp
Symlinking /spot_skills/devel/share/common-lisp/ros/spot_cam/srv/LoadSound.lisp
Symlinking /spot_skills/devel/share/common-lisp/ros/spot_cam/srv/SetBool.lisp
Symlinking /spot_skills/devel/share/common-lisp/ros/spot_cam/srv/_package_SetStreamParams.lisp
Symlinking /spot_skills/devel/share/common-lisp/ros/spot_cam/srv/SetPTZState.lisp
Symlinking /spot_skills/devel/share/common-lisp/ros/spot_cam/srv/spot_cam-srv.asd
Symlinking /spot_skills/devel/share/common-lisp/ros/spot_cam/srv/_package_PlaySound.lisp
Symlinking /spot_skills/devel/lib/python3/dist-packages/spot_cam/__init__.py
Symlinking /spot_skills/devel/lib/python3/dist-packages/spot_cam/msg/_BITStatus.py
Symlinking /spot_skills/devel/lib/python3/dist-packages/spot_cam/msg/_Degradation.py
Symlinking /spot_skills/devel/lib/python3/dist-packages/spot_cam/msg/_LookAtPointActionFeedback.py
Symlinking /spot_skills/devel/lib/python3/dist-packages/spot_cam/msg/_PTZState.py
Symlinking /spot_skills/devel/lib/python3/dist-packages/spot_cam/msg/_PTZDescription.py
Symlinking /spot_skills/devel/lib/python3/dist-packages/spot_cam/msg/_PTZLimits.py
Symlinking /spot_skills/devel/lib/python3/dist-packages/spot_cam/msg/_StreamParams.py
Symlinking /spot_skills/devel/lib/python3/dist-packages/spot_cam/msg/_LookAtPointResult.py
Symlinking /spot_skills/devel/lib/python3/dist-packages/spot_cam/msg/_Temperature.py
Symlinking /spot_skills/devel/lib/python3/dist-packages/spot_cam/msg/_StringMultiArray.py
Symlinking /spot_skills/devel/lib/python3/dist-packages/spot_cam/msg/_TemperatureArray.py
Symlinking /spot_skills/devel/lib/python3/dist-packages/spot_cam/msg/_PowerStatus.py
Symlinking /spot_skills/devel/lib/python3/dist-packages/spot_cam/msg/__init__.py
Symlinking /spot_skills/devel/lib/python3/dist-packages/spot_cam/msg/_LookAtPointActionResult.py
Symlinking /spot_skills/devel/lib/python3/dist-packages/spot_cam/msg/_LookAtPointAction.py
Symlinking /spot_skills/devel/lib/python3/dist-packages/spot_cam/msg/_LookAtPointFeedback.py
Symlinking /spot_skills/devel/lib/python3/dist-packages/spot_cam/msg/_LookAtPointGoal.py
Symlinking /spot_skills/devel/lib/python3/dist-packages/spot_cam/msg/_PTZStateArray.py
Symlinking /spot_skills/devel/lib/python3/dist-packages/spot_cam/msg/_PTZDescriptionArray.py
Symlinking /spot_skills/devel/lib/python3/dist-packages/spot_cam/msg/_LookAtPointActionGoal.py
Symlinking /spot_skills/devel/lib/python3/dist-packages/spot_cam/srv/_SetPTZState.py
Symlinking /spot_skills/devel/lib/python3/dist-packages/spot_cam/srv/_PlaySound.py
Symlinking /spot_skills/devel/lib/python3/dist-packages/spot_cam/srv/_SetFloat.py
Symlinking /spot_skills/devel/lib/python3/dist-packages/spot_cam/srv/_SetStreamParams.py
Symlinking /spot_skills/devel/lib/python3/dist-packages/spot_cam/srv/__init__.py
Symlinking /spot_skills/devel/lib/python3/dist-packages/spot_cam/srv/_SetBool.py
Symlinking /spot_skills/devel/lib/python3/dist-packages/spot_cam/srv/_SetIRMeterOverlay.py
Symlinking /spot_skills/devel/lib/python3/dist-packages/spot_cam/srv/_SetIRColormap.py
Symlinking /spot_skills/devel/lib/python3/dist-packages/spot_cam/srv/_LoadSound.py
Symlinking /spot_skills/devel/lib/python3/dist-packages/spot_cam/srv/_LookAtPoint.py
Symlinking /spot_skills/devel/lib/python3/dist-packages/spot_cam/srv/_SetString.py
Symlinking /spot_skills/devel/lib/spot_cam/spot_cam
Symlinking /spot_skills/devel/lib/spot_cam/cmake.lock
Symlinking /spot_skills/devel/lib/pkgconfig/spot_cam.pc
Symlinking /spot_skills/devel/include/spot_cam/SetIRMeterOverlayResponse.h
Symlinking /spot_skills/devel/include/spot_cam/SetFloatResponse.h
Symlinking /spot_skills/devel/include/spot_cam/SetStreamParams.h
Symlinking /spot_skills/devel/include/spot_cam/LookAtPointFeedback.h
Symlinking /spot_skills/devel/include/spot_cam/SetIRColormapResponse.h
Symlinking /spot_skills/devel/include/spot_cam/SetFloatRequest.h
Symlinking /spot_skills/devel/include/spot_cam/PlaySound.h
Symlinking /spot_skills/devel/include/spot_cam/PTZStateArray.h
Symlinking /spot_skills/devel/include/spot_cam/BITStatus.h
Symlinking /spot_skills/devel/include/spot_cam/SetFloat.h
Symlinking /spot_skills/devel/include/spot_cam/StringMultiArray.h
Symlinking /spot_skills/devel/include/spot_cam/PTZState.h
Symlinking /spot_skills/devel/include/spot_cam/LookAtPointRequest.h
Symlinking /spot_skills/devel/include/spot_cam/SetIRMeterOverlay.h
Symlinking /spot_skills/devel/include/spot_cam/SetBoolRequest.h
Symlinking /spot_skills/devel/include/spot_cam/SetString.h
Symlinking /spot_skills/devel/include/spot_cam/LookAtPoint.h
Symlinking /spot_skills/devel/include/spot_cam/LookAtPointActionFeedback.h
Symlinking /spot_skills/devel/include/spot_cam/LoadSound.h
Symlinking /spot_skills/devel/include/spot_cam/TemperatureArray.h
Symlinking /spot_skills/devel/include/spot_cam/SetBoolResponse.h
Symlinking /spot_skills/devel/include/spot_cam/LookAtPointResponse.h
Symlinking /spot_skills/devel/include/spot_cam/LoadSoundResponse.h
Symlinking /spot_skills/devel/include/spot_cam/LoadSoundRequest.h
Symlinking /spot_skills/devel/include/spot_cam/PTZDescription.h
Symlinking /spot_skills/devel/include/spot_cam/SetStreamParamsRequest.h
Symlinking /spot_skills/devel/include/spot_cam/Temperature.h
Symlinking /spot_skills/devel/include/spot_cam/Degradation.h
Symlinking /spot_skills/devel/include/spot_cam/SetIRColormap.h
Symlinking /spot_skills/devel/include/spot_cam/SetStringRequest.h
Symlinking /spot_skills/devel/include/spot_cam/PTZLimits.h
Symlinking /spot_skills/devel/include/spot_cam/SetStreamParamsResponse.h
Symlinking /spot_skills/devel/include/spot_cam/PTZDescriptionArray.h
Symlinking /spot_skills/devel/include/spot_cam/SetIRColormapRequest.h
Symlinking /spot_skills/devel/include/spot_cam/LookAtPointGoal.h
Symlinking /spot_skills/devel/include/spot_cam/PlaySoundRequest.h
Symlinking /spot_skills/devel/include/spot_cam/PowerStatus.h
Symlinking /spot_skills/devel/include/spot_cam/LookAtPointActionGoal.h
Symlinking /spot_skills/devel/include/spot_cam/LookAtPointResult.h
Symlinking /spot_skills/devel/include/spot_cam/LookAtPointAction.h
Symlinking /spot_skills/devel/include/spot_cam/SetBool.h
Symlinking /spot_skills/devel/include/spot_cam/LookAtPointActionResult.h
Symlinking /spot_skills/devel/include/spot_cam/SetPTZStateResponse.h
Symlinking /spot_skills/devel/include/spot_cam/SetPTZState.h
Symlinking /spot_skills/devel/include/spot_cam/StreamParams.h
Symlinking /spot_skills/devel/include/spot_cam/SetStringResponse.h
Symlinking /spot_skills/devel/include/spot_cam/PlaySoundResponse.h
Symlinking /spot_skills/devel/include/spot_cam/SetIRMeterOverlayRequest.h
Symlinking /spot_skills/devel/include/spot_cam/SetPTZStateRequest.h
Symlinking /spot_skills/devel/bin/spot_cam
