Linked: (/spot_skills/devel/.private/spot_cam/share/spot_cam/msg/LookAtPointActionFeedback.msg, /spot_skills/devel/share/spot_cam/msg/LookAtPointActionFeedback.msg)
Linked: (/spot_skills/devel/.private/spot_cam/share/spot_cam/msg/LookAtPointActionResult.msg, /spot_skills/devel/share/spot_cam/msg/LookAtPointActionResult.msg)
Linked: (/spot_skills/devel/.private/spot_cam/share/spot_cam/msg/LookAtPointActionGoal.msg, /spot_skills/devel/share/spot_cam/msg/LookAtPointActionGoal.msg)
Linked: (/spot_skills/devel/.private/spot_cam/share/spot_cam/msg/LookAtPointResult.msg, /spot_skills/devel/share/spot_cam/msg/LookAtPointResult.msg)
Linked: (/spot_skills/devel/.private/spot_cam/share/spot_cam/msg/LookAtPointFeedback.msg, /spot_skills/devel/share/spot_cam/msg/LookAtPointFeedback.msg)
Linked: (/spot_skills/devel/.private/spot_cam/share/spot_cam/msg/LookAtPointGoal.msg, /spot_skills/devel/share/spot_cam/msg/LookAtPointGoal.msg)
Linked: (/spot_skills/devel/.private/spot_cam/share/spot_cam/msg/LookAtPointAction.msg, /spot_skills/devel/share/spot_cam/msg/LookAtPointAction.msg)
Linked: (/spot_skills/devel/.private/spot_cam/share/spot_cam/cmake/spot_cam-msg-paths.cmake, /spot_skills/devel/share/spot_cam/cmake/spot_cam-msg-paths.cmake)
Linked: (/spot_skills/devel/.private/spot_cam/share/spot_cam/cmake/spot_cam-msg-extras.cmake, /spot_skills/devel/share/spot_cam/cmake/spot_cam-msg-extras.cmake)
Linked: (/spot_skills/devel/.private/spot_cam/share/spot_cam/cmake/spot_camConfig.cmake, /spot_skills/devel/share/spot_cam/cmake/spot_camConfig.cmake)
Linked: (/spot_skills/devel/.private/spot_cam/share/spot_cam/cmake/spot_camConfig-version.cmake, /spot_skills/devel/share/spot_cam/cmake/spot_camConfig-version.cmake)
Linked: (/spot_skills/devel/.private/spot_cam/share/roseus/ros/spot_cam/manifest.l, /spot_skills/devel/share/roseus/ros/spot_cam/manifest.l)
Linked: (/spot_skills/devel/.private/spot_cam/share/roseus/ros/spot_cam/msg/BITStatus.l, /spot_skills/devel/share/roseus/ros/spot_cam/msg/BITStatus.l)
Linked: (/spot_skills/devel/.private/spot_cam/share/roseus/ros/spot_cam/msg/LookAtPointResult.l, /spot_skills/devel/share/roseus/ros/spot_cam/msg/LookAtPointResult.l)
Linked: (/spot_skills/devel/.private/spot_cam/share/roseus/ros/spot_cam/msg/PowerStatus.l, /spot_skills/devel/share/roseus/ros/spot_cam/msg/PowerStatus.l)
Linked: (/spot_skills/devel/.private/spot_cam/share/roseus/ros/spot_cam/msg/PTZDescription.l, /spot_skills/devel/share/roseus/ros/spot_cam/msg/PTZDescription.l)
Linked: (/spot_skills/devel/.private/spot_cam/share/roseus/ros/spot_cam/msg/PTZStateArray.l, /spot_skills/devel/share/roseus/ros/spot_cam/msg/PTZStateArray.l)
Linked: (/spot_skills/devel/.private/spot_cam/share/roseus/ros/spot_cam/msg/Temperature.l, /spot_skills/devel/share/roseus/ros/spot_cam/msg/Temperature.l)
Linked: (/spot_skills/devel/.private/spot_cam/share/roseus/ros/spot_cam/msg/StreamParams.l, /spot_skills/devel/share/roseus/ros/spot_cam/msg/StreamParams.l)
Linked: (/spot_skills/devel/.private/spot_cam/share/roseus/ros/spot_cam/msg/LookAtPointActionResult.l, /spot_skills/devel/share/roseus/ros/spot_cam/msg/LookAtPointActionResult.l)
Linked: (/spot_skills/devel/.private/spot_cam/share/roseus/ros/spot_cam/msg/LookAtPointAction.l, /spot_skills/devel/share/roseus/ros/spot_cam/msg/LookAtPointAction.l)
Linked: (/spot_skills/devel/.private/spot_cam/share/roseus/ros/spot_cam/msg/PTZState.l, /spot_skills/devel/share/roseus/ros/spot_cam/msg/PTZState.l)
Linked: (/spot_skills/devel/.private/spot_cam/share/roseus/ros/spot_cam/msg/LookAtPointActionGoal.l, /spot_skills/devel/share/roseus/ros/spot_cam/msg/LookAtPointActionGoal.l)
Linked: (/spot_skills/devel/.private/spot_cam/share/roseus/ros/spot_cam/msg/TemperatureArray.l, /spot_skills/devel/share/roseus/ros/spot_cam/msg/TemperatureArray.l)
Linked: (/spot_skills/devel/.private/spot_cam/share/roseus/ros/spot_cam/msg/LookAtPointGoal.l, /spot_skills/devel/share/roseus/ros/spot_cam/msg/LookAtPointGoal.l)
Linked: (/spot_skills/devel/.private/spot_cam/share/roseus/ros/spot_cam/msg/LookAtPointActionFeedback.l, /spot_skills/devel/share/roseus/ros/spot_cam/msg/LookAtPointActionFeedback.l)
Linked: (/spot_skills/devel/.private/spot_cam/share/roseus/ros/spot_cam/msg/LookAtPointFeedback.l, /spot_skills/devel/share/roseus/ros/spot_cam/msg/LookAtPointFeedback.l)
Linked: (/spot_skills/devel/.private/spot_cam/share/roseus/ros/spot_cam/msg/StringMultiArray.l, /spot_skills/devel/share/roseus/ros/spot_cam/msg/StringMultiArray.l)
Linked: (/spot_skills/devel/.private/spot_cam/share/roseus/ros/spot_cam/msg/PTZLimits.l, /spot_skills/devel/share/roseus/ros/spot_cam/msg/PTZLimits.l)
Linked: (/spot_skills/devel/.private/spot_cam/share/roseus/ros/spot_cam/msg/Degradation.l, /spot_skills/devel/share/roseus/ros/spot_cam/msg/Degradation.l)
Linked: (/spot_skills/devel/.private/spot_cam/share/roseus/ros/spot_cam/msg/PTZDescriptionArray.l, /spot_skills/devel/share/roseus/ros/spot_cam/msg/PTZDescriptionArray.l)
Linked: (/spot_skills/devel/.private/spot_cam/share/roseus/ros/spot_cam/srv/SetFloat.l, /spot_skills/devel/share/roseus/ros/spot_cam/srv/SetFloat.l)
Linked: (/spot_skills/devel/.private/spot_cam/share/roseus/ros/spot_cam/srv/SetPTZState.l, /spot_skills/devel/share/roseus/ros/spot_cam/srv/SetPTZState.l)
Linked: (/spot_skills/devel/.private/spot_cam/share/roseus/ros/spot_cam/srv/SetIRColormap.l, /spot_skills/devel/share/roseus/ros/spot_cam/srv/SetIRColormap.l)
Linked: (/spot_skills/devel/.private/spot_cam/share/roseus/ros/spot_cam/srv/SetIRMeterOverlay.l, /spot_skills/devel/share/roseus/ros/spot_cam/srv/SetIRMeterOverlay.l)
Linked: (/spot_skills/devel/.private/spot_cam/share/roseus/ros/spot_cam/srv/SetString.l, /spot_skills/devel/share/roseus/ros/spot_cam/srv/SetString.l)
Linked: (/spot_skills/devel/.private/spot_cam/share/roseus/ros/spot_cam/srv/SetStreamParams.l, /spot_skills/devel/share/roseus/ros/spot_cam/srv/SetStreamParams.l)
Linked: (/spot_skills/devel/.private/spot_cam/share/roseus/ros/spot_cam/srv/LookAtPoint.l, /spot_skills/devel/share/roseus/ros/spot_cam/srv/LookAtPoint.l)
Linked: (/spot_skills/devel/.private/spot_cam/share/roseus/ros/spot_cam/srv/SetBool.l, /spot_skills/devel/share/roseus/ros/spot_cam/srv/SetBool.l)
Linked: (/spot_skills/devel/.private/spot_cam/share/roseus/ros/spot_cam/srv/LoadSound.l, /spot_skills/devel/share/roseus/ros/spot_cam/srv/LoadSound.l)
Linked: (/spot_skills/devel/.private/spot_cam/share/roseus/ros/spot_cam/srv/PlaySound.l, /spot_skills/devel/share/roseus/ros/spot_cam/srv/PlaySound.l)
Linked: (/spot_skills/devel/.private/spot_cam/share/gennodejs/ros/spot_cam/_index.js, /spot_skills/devel/share/gennodejs/ros/spot_cam/_index.js)
Linked: (/spot_skills/devel/.private/spot_cam/share/gennodejs/ros/spot_cam/msg/LookAtPointActionFeedback.js, /spot_skills/devel/share/gennodejs/ros/spot_cam/msg/LookAtPointActionFeedback.js)
Linked: (/spot_skills/devel/.private/spot_cam/share/gennodejs/ros/spot_cam/msg/Degradation.js, /spot_skills/devel/share/gennodejs/ros/spot_cam/msg/Degradation.js)
Linked: (/spot_skills/devel/.private/spot_cam/share/gennodejs/ros/spot_cam/msg/LookAtPointGoal.js, /spot_skills/devel/share/gennodejs/ros/spot_cam/msg/LookAtPointGoal.js)
Linked: (/spot_skills/devel/.private/spot_cam/share/gennodejs/ros/spot_cam/msg/StringMultiArray.js, /spot_skills/devel/share/gennodejs/ros/spot_cam/msg/StringMultiArray.js)
Linked: (/spot_skills/devel/.private/spot_cam/share/gennodejs/ros/spot_cam/msg/_index.js, /spot_skills/devel/share/gennodejs/ros/spot_cam/msg/_index.js)
Linked: (/spot_skills/devel/.private/spot_cam/share/gennodejs/ros/spot_cam/msg/PTZDescription.js, /spot_skills/devel/share/gennodejs/ros/spot_cam/msg/PTZDescription.js)
Linked: (/spot_skills/devel/.private/spot_cam/share/gennodejs/ros/spot_cam/msg/PTZLimits.js, /spot_skills/devel/share/gennodejs/ros/spot_cam/msg/PTZLimits.js)
Linked: (/spot_skills/devel/.private/spot_cam/share/gennodejs/ros/spot_cam/msg/PTZState.js, /spot_skills/devel/share/gennodejs/ros/spot_cam/msg/PTZState.js)
Linked: (/spot_skills/devel/.private/spot_cam/share/gennodejs/ros/spot_cam/msg/PowerStatus.js, /spot_skills/devel/share/gennodejs/ros/spot_cam/msg/PowerStatus.js)
Linked: (/spot_skills/devel/.private/spot_cam/share/gennodejs/ros/spot_cam/msg/Temperature.js, /spot_skills/devel/share/gennodejs/ros/spot_cam/msg/Temperature.js)
Linked: (/spot_skills/devel/.private/spot_cam/share/gennodejs/ros/spot_cam/msg/LookAtPointResult.js, /spot_skills/devel/share/gennodejs/ros/spot_cam/msg/LookAtPointResult.js)
Linked: (/spot_skills/devel/.private/spot_cam/share/gennodejs/ros/spot_cam/msg/StreamParams.js, /spot_skills/devel/share/gennodejs/ros/spot_cam/msg/StreamParams.js)
Linked: (/spot_skills/devel/.private/spot_cam/share/gennodejs/ros/spot_cam/msg/LookAtPointActionResult.js, /spot_skills/devel/share/gennodejs/ros/spot_cam/msg/LookAtPointActionResult.js)
Linked: (/spot_skills/devel/.private/spot_cam/share/gennodejs/ros/spot_cam/msg/PTZDescriptionArray.js, /spot_skills/devel/share/gennodejs/ros/spot_cam/msg/PTZDescriptionArray.js)
Linked: (/spot_skills/devel/.private/spot_cam/share/gennodejs/ros/spot_cam/msg/TemperatureArray.js, /spot_skills/devel/share/gennodejs/ros/spot_cam/msg/TemperatureArray.js)
Linked: (/spot_skills/devel/.private/spot_cam/share/gennodejs/ros/spot_cam/msg/LookAtPointAction.js, /spot_skills/devel/share/gennodejs/ros/spot_cam/msg/LookAtPointAction.js)
Linked: (/spot_skills/devel/.private/spot_cam/share/gennodejs/ros/spot_cam/msg/BITStatus.js, /spot_skills/devel/share/gennodejs/ros/spot_cam/msg/BITStatus.js)
Linked: (/spot_skills/devel/.private/spot_cam/share/gennodejs/ros/spot_cam/msg/LookAtPointFeedback.js, /spot_skills/devel/share/gennodejs/ros/spot_cam/msg/LookAtPointFeedback.js)
Linked: (/spot_skills/devel/.private/spot_cam/share/gennodejs/ros/spot_cam/msg/LookAtPointActionGoal.js, /spot_skills/devel/share/gennodejs/ros/spot_cam/msg/LookAtPointActionGoal.js)
Linked: (/spot_skills/devel/.private/spot_cam/share/gennodejs/ros/spot_cam/msg/PTZStateArray.js, /spot_skills/devel/share/gennodejs/ros/spot_cam/msg/PTZStateArray.js)
Linked: (/spot_skills/devel/.private/spot_cam/share/gennodejs/ros/spot_cam/srv/LookAtPoint.js, /spot_skills/devel/share/gennodejs/ros/spot_cam/srv/LookAtPoint.js)
Linked: (/spot_skills/devel/.private/spot_cam/share/gennodejs/ros/spot_cam/srv/SetIRColormap.js, /spot_skills/devel/share/gennodejs/ros/spot_cam/srv/SetIRColormap.js)
Linked: (/spot_skills/devel/.private/spot_cam/share/gennodejs/ros/spot_cam/srv/_index.js, /spot_skills/devel/share/gennodejs/ros/spot_cam/srv/_index.js)
Linked: (/spot_skills/devel/.private/spot_cam/share/gennodejs/ros/spot_cam/srv/SetPTZState.js, /spot_skills/devel/share/gennodejs/ros/spot_cam/srv/SetPTZState.js)
Linked: (/spot_skills/devel/.private/spot_cam/share/gennodejs/ros/spot_cam/srv/SetString.js, /spot_skills/devel/share/gennodejs/ros/spot_cam/srv/SetString.js)
Linked: (/spot_skills/devel/.private/spot_cam/share/gennodejs/ros/spot_cam/srv/LoadSound.js, /spot_skills/devel/share/gennodejs/ros/spot_cam/srv/LoadSound.js)
Linked: (/spot_skills/devel/.private/spot_cam/share/gennodejs/ros/spot_cam/srv/PlaySound.js, /spot_skills/devel/share/gennodejs/ros/spot_cam/srv/PlaySound.js)
Linked: (/spot_skills/devel/.private/spot_cam/share/gennodejs/ros/spot_cam/srv/SetStreamParams.js, /spot_skills/devel/share/gennodejs/ros/spot_cam/srv/SetStreamParams.js)
Linked: (/spot_skills/devel/.private/spot_cam/share/gennodejs/ros/spot_cam/srv/SetFloat.js, /spot_skills/devel/share/gennodejs/ros/spot_cam/srv/SetFloat.js)
Linked: (/spot_skills/devel/.private/spot_cam/share/gennodejs/ros/spot_cam/srv/SetIRMeterOverlay.js, /spot_skills/devel/share/gennodejs/ros/spot_cam/srv/SetIRMeterOverlay.js)
Linked: (/spot_skills/devel/.private/spot_cam/share/gennodejs/ros/spot_cam/srv/SetBool.js, /spot_skills/devel/share/gennodejs/ros/spot_cam/srv/SetBool.js)
Linked: (/spot_skills/devel/.private/spot_cam/share/common-lisp/ros/spot_cam/msg/Degradation.lisp, /spot_skills/devel/share/common-lisp/ros/spot_cam/msg/Degradation.lisp)
Linked: (/spot_skills/devel/.private/spot_cam/share/common-lisp/ros/spot_cam/msg/BITStatus.lisp, /spot_skills/devel/share/common-lisp/ros/spot_cam/msg/BITStatus.lisp)
Linked: (/spot_skills/devel/.private/spot_cam/share/common-lisp/ros/spot_cam/msg/_package_LookAtPointActionFeedback.lisp, /spot_skills/devel/share/common-lisp/ros/spot_cam/msg/_package_LookAtPointActionFeedback.lisp)
Linked: (/spot_skills/devel/.private/spot_cam/share/common-lisp/ros/spot_cam/msg/LookAtPointGoal.lisp, /spot_skills/devel/share/common-lisp/ros/spot_cam/msg/LookAtPointGoal.lisp)
Linked: (/spot_skills/devel/.private/spot_cam/share/common-lisp/ros/spot_cam/msg/_package_LookAtPointActionGoal.lisp, /spot_skills/devel/share/common-lisp/ros/spot_cam/msg/_package_LookAtPointActionGoal.lisp)
Linked: (/spot_skills/devel/.private/spot_cam/share/common-lisp/ros/spot_cam/msg/Temperature.lisp, /spot_skills/devel/share/common-lisp/ros/spot_cam/msg/Temperature.lisp)
Linked: (/spot_skills/devel/.private/spot_cam/share/common-lisp/ros/spot_cam/msg/_package_TemperatureArray.lisp, /spot_skills/devel/share/common-lisp/ros/spot_cam/msg/_package_TemperatureArray.lisp)
Linked: (/spot_skills/devel/.private/spot_cam/share/common-lisp/ros/spot_cam/msg/_package_StreamParams.lisp, /spot_skills/devel/share/common-lisp/ros/spot_cam/msg/_package_StreamParams.lisp)
Linked: (/spot_skills/devel/.private/spot_cam/share/common-lisp/ros/spot_cam/msg/_package.lisp, /spot_skills/devel/share/common-lisp/ros/spot_cam/msg/_package.lisp)
Linked: (/spot_skills/devel/.private/spot_cam/share/common-lisp/ros/spot_cam/msg/_package_Temperature.lisp, /spot_skills/devel/share/common-lisp/ros/spot_cam/msg/_package_Temperature.lisp)
Linked: (/spot_skills/devel/.private/spot_cam/share/common-lisp/ros/spot_cam/msg/StringMultiArray.lisp, /spot_skills/devel/share/common-lisp/ros/spot_cam/msg/StringMultiArray.lisp)
Linked: (/spot_skills/devel/.private/spot_cam/share/common-lisp/ros/spot_cam/msg/_package_PowerStatus.lisp, /spot_skills/devel/share/common-lisp/ros/spot_cam/msg/_package_PowerStatus.lisp)
Linked: (/spot_skills/devel/.private/spot_cam/share/common-lisp/ros/spot_cam/msg/_package_PTZDescription.lisp, /spot_skills/devel/share/common-lisp/ros/spot_cam/msg/_package_PTZDescription.lisp)
Linked: (/spot_skills/devel/.private/spot_cam/share/common-lisp/ros/spot_cam/msg/PTZDescriptionArray.lisp, /spot_skills/devel/share/common-lisp/ros/spot_cam/msg/PTZDescriptionArray.lisp)
Linked: (/spot_skills/devel/.private/spot_cam/share/common-lisp/ros/spot_cam/msg/_package_LookAtPointFeedback.lisp, /spot_skills/devel/share/common-lisp/ros/spot_cam/msg/_package_LookAtPointFeedback.lisp)
Linked: (/spot_skills/devel/.private/spot_cam/share/common-lisp/ros/spot_cam/msg/PTZLimits.lisp, /spot_skills/devel/share/common-lisp/ros/spot_cam/msg/PTZLimits.lisp)
Linked: (/spot_skills/devel/.private/spot_cam/share/common-lisp/ros/spot_cam/msg/_package_BITStatus.lisp, /spot_skills/devel/share/common-lisp/ros/spot_cam/msg/_package_BITStatus.lisp)
Linked: (/spot_skills/devel/.private/spot_cam/share/common-lisp/ros/spot_cam/msg/_package_LookAtPointGoal.lisp, /spot_skills/devel/share/common-lisp/ros/spot_cam/msg/_package_LookAtPointGoal.lisp)
Linked: (/spot_skills/devel/.private/spot_cam/share/common-lisp/ros/spot_cam/msg/LookAtPointAction.lisp, /spot_skills/devel/share/common-lisp/ros/spot_cam/msg/LookAtPointAction.lisp)
Linked: (/spot_skills/devel/.private/spot_cam/share/common-lisp/ros/spot_cam/msg/_package_LookAtPointResult.lisp, /spot_skills/devel/share/common-lisp/ros/spot_cam/msg/_package_LookAtPointResult.lisp)
Linked: (/spot_skills/devel/.private/spot_cam/share/common-lisp/ros/spot_cam/msg/_package_PTZDescriptionArray.lisp, /spot_skills/devel/share/common-lisp/ros/spot_cam/msg/_package_PTZDescriptionArray.lisp)
Linked: (/spot_skills/devel/.private/spot_cam/share/common-lisp/ros/spot_cam/msg/LookAtPointActionFeedback.lisp, /spot_skills/devel/share/common-lisp/ros/spot_cam/msg/LookAtPointActionFeedback.lisp)
Linked: (/spot_skills/devel/.private/spot_cam/share/common-lisp/ros/spot_cam/msg/PowerStatus.lisp, /spot_skills/devel/share/common-lisp/ros/spot_cam/msg/PowerStatus.lisp)
Linked: (/spot_skills/devel/.private/spot_cam/share/common-lisp/ros/spot_cam/msg/LookAtPointResult.lisp, /spot_skills/devel/share/common-lisp/ros/spot_cam/msg/LookAtPointResult.lisp)
Linked: (/spot_skills/devel/.private/spot_cam/share/common-lisp/ros/spot_cam/msg/LookAtPointActionResult.lisp, /spot_skills/devel/share/common-lisp/ros/spot_cam/msg/LookAtPointActionResult.lisp)
Linked: (/spot_skills/devel/.private/spot_cam/share/common-lisp/ros/spot_cam/msg/_package_StringMultiArray.lisp, /spot_skills/devel/share/common-lisp/ros/spot_cam/msg/_package_StringMultiArray.lisp)
Linked: (/spot_skills/devel/.private/spot_cam/share/common-lisp/ros/spot_cam/msg/PTZStateArray.lisp, /spot_skills/devel/share/common-lisp/ros/spot_cam/msg/PTZStateArray.lisp)
Linked: (/spot_skills/devel/.private/spot_cam/share/common-lisp/ros/spot_cam/msg/LookAtPointActionGoal.lisp, /spot_skills/devel/share/common-lisp/ros/spot_cam/msg/LookAtPointActionGoal.lisp)
Linked: (/spot_skills/devel/.private/spot_cam/share/common-lisp/ros/spot_cam/msg/_package_PTZStateArray.lisp, /spot_skills/devel/share/common-lisp/ros/spot_cam/msg/_package_PTZStateArray.lisp)
Linked: (/spot_skills/devel/.private/spot_cam/share/common-lisp/ros/spot_cam/msg/_package_PTZLimits.lisp, /spot_skills/devel/share/common-lisp/ros/spot_cam/msg/_package_PTZLimits.lisp)
Linked: (/spot_skills/devel/.private/spot_cam/share/common-lisp/ros/spot_cam/msg/PTZState.lisp, /spot_skills/devel/share/common-lisp/ros/spot_cam/msg/PTZState.lisp)
Linked: (/spot_skills/devel/.private/spot_cam/share/common-lisp/ros/spot_cam/msg/StreamParams.lisp, /spot_skills/devel/share/common-lisp/ros/spot_cam/msg/StreamParams.lisp)
Linked: (/spot_skills/devel/.private/spot_cam/share/common-lisp/ros/spot_cam/msg/_package_Degradation.lisp, /spot_skills/devel/share/common-lisp/ros/spot_cam/msg/_package_Degradation.lisp)
Linked: (/spot_skills/devel/.private/spot_cam/share/common-lisp/ros/spot_cam/msg/_package_PTZState.lisp, /spot_skills/devel/share/common-lisp/ros/spot_cam/msg/_package_PTZState.lisp)
Linked: (/spot_skills/devel/.private/spot_cam/share/common-lisp/ros/spot_cam/msg/_package_LookAtPointActionResult.lisp, /spot_skills/devel/share/common-lisp/ros/spot_cam/msg/_package_LookAtPointActionResult.lisp)
Linked: (/spot_skills/devel/.private/spot_cam/share/common-lisp/ros/spot_cam/msg/LookAtPointFeedback.lisp, /spot_skills/devel/share/common-lisp/ros/spot_cam/msg/LookAtPointFeedback.lisp)
Linked: (/spot_skills/devel/.private/spot_cam/share/common-lisp/ros/spot_cam/msg/TemperatureArray.lisp, /spot_skills/devel/share/common-lisp/ros/spot_cam/msg/TemperatureArray.lisp)
Linked: (/spot_skills/devel/.private/spot_cam/share/common-lisp/ros/spot_cam/msg/PTZDescription.lisp, /spot_skills/devel/share/common-lisp/ros/spot_cam/msg/PTZDescription.lisp)
Linked: (/spot_skills/devel/.private/spot_cam/share/common-lisp/ros/spot_cam/msg/_package_LookAtPointAction.lisp, /spot_skills/devel/share/common-lisp/ros/spot_cam/msg/_package_LookAtPointAction.lisp)
Linked: (/spot_skills/devel/.private/spot_cam/share/common-lisp/ros/spot_cam/msg/spot_cam-msg.asd, /spot_skills/devel/share/common-lisp/ros/spot_cam/msg/spot_cam-msg.asd)
Linked: (/spot_skills/devel/.private/spot_cam/share/common-lisp/ros/spot_cam/srv/_package_SetIRColormap.lisp, /spot_skills/devel/share/common-lisp/ros/spot_cam/srv/_package_SetIRColormap.lisp)
Linked: (/spot_skills/devel/.private/spot_cam/share/common-lisp/ros/spot_cam/srv/SetStreamParams.lisp, /spot_skills/devel/share/common-lisp/ros/spot_cam/srv/SetStreamParams.lisp)
Linked: (/spot_skills/devel/.private/spot_cam/share/common-lisp/ros/spot_cam/srv/SetFloat.lisp, /spot_skills/devel/share/common-lisp/ros/spot_cam/srv/SetFloat.lisp)
Linked: (/spot_skills/devel/.private/spot_cam/share/common-lisp/ros/spot_cam/srv/_package_SetFloat.lisp, /spot_skills/devel/share/common-lisp/ros/spot_cam/srv/_package_SetFloat.lisp)
Linked: (/spot_skills/devel/.private/spot_cam/share/common-lisp/ros/spot_cam/srv/_package_SetString.lisp, /spot_skills/devel/share/common-lisp/ros/spot_cam/srv/_package_SetString.lisp)
Linked: (/spot_skills/devel/.private/spot_cam/share/common-lisp/ros/spot_cam/srv/SetIRColormap.lisp, /spot_skills/devel/share/common-lisp/ros/spot_cam/srv/SetIRColormap.lisp)
Linked: (/spot_skills/devel/.private/spot_cam/share/common-lisp/ros/spot_cam/srv/_package_LoadSound.lisp, /spot_skills/devel/share/common-lisp/ros/spot_cam/srv/_package_LoadSound.lisp)
Linked: (/spot_skills/devel/.private/spot_cam/share/common-lisp/ros/spot_cam/srv/_package_SetPTZState.lisp, /spot_skills/devel/share/common-lisp/ros/spot_cam/srv/_package_SetPTZState.lisp)
Linked: (/spot_skills/devel/.private/spot_cam/share/common-lisp/ros/spot_cam/srv/_package.lisp, /spot_skills/devel/share/common-lisp/ros/spot_cam/srv/_package.lisp)
Linked: (/spot_skills/devel/.private/spot_cam/share/common-lisp/ros/spot_cam/srv/SetString.lisp, /spot_skills/devel/share/common-lisp/ros/spot_cam/srv/SetString.lisp)
Linked: (/spot_skills/devel/.private/spot_cam/share/common-lisp/ros/spot_cam/srv/_package_SetIRMeterOverlay.lisp, /spot_skills/devel/share/common-lisp/ros/spot_cam/srv/_package_SetIRMeterOverlay.lisp)
Linked: (/spot_skills/devel/.private/spot_cam/share/common-lisp/ros/spot_cam/srv/_package_LookAtPoint.lisp, /spot_skills/devel/share/common-lisp/ros/spot_cam/srv/_package_LookAtPoint.lisp)
Linked: (/spot_skills/devel/.private/spot_cam/share/common-lisp/ros/spot_cam/srv/PlaySound.lisp, /spot_skills/devel/share/common-lisp/ros/spot_cam/srv/PlaySound.lisp)
Linked: (/spot_skills/devel/.private/spot_cam/share/common-lisp/ros/spot_cam/srv/SetIRMeterOverlay.lisp, /spot_skills/devel/share/common-lisp/ros/spot_cam/srv/SetIRMeterOverlay.lisp)
Linked: (/spot_skills/devel/.private/spot_cam/share/common-lisp/ros/spot_cam/srv/_package_SetBool.lisp, /spot_skills/devel/share/common-lisp/ros/spot_cam/srv/_package_SetBool.lisp)
Linked: (/spot_skills/devel/.private/spot_cam/share/common-lisp/ros/spot_cam/srv/LookAtPoint.lisp, /spot_skills/devel/share/common-lisp/ros/spot_cam/srv/LookAtPoint.lisp)
Linked: (/spot_skills/devel/.private/spot_cam/share/common-lisp/ros/spot_cam/srv/LoadSound.lisp, /spot_skills/devel/share/common-lisp/ros/spot_cam/srv/LoadSound.lisp)
Linked: (/spot_skills/devel/.private/spot_cam/share/common-lisp/ros/spot_cam/srv/SetBool.lisp, /spot_skills/devel/share/common-lisp/ros/spot_cam/srv/SetBool.lisp)
Linked: (/spot_skills/devel/.private/spot_cam/share/common-lisp/ros/spot_cam/srv/_package_SetStreamParams.lisp, /spot_skills/devel/share/common-lisp/ros/spot_cam/srv/_package_SetStreamParams.lisp)
Linked: (/spot_skills/devel/.private/spot_cam/share/common-lisp/ros/spot_cam/srv/SetPTZState.lisp, /spot_skills/devel/share/common-lisp/ros/spot_cam/srv/SetPTZState.lisp)
Linked: (/spot_skills/devel/.private/spot_cam/share/common-lisp/ros/spot_cam/srv/spot_cam-srv.asd, /spot_skills/devel/share/common-lisp/ros/spot_cam/srv/spot_cam-srv.asd)
Linked: (/spot_skills/devel/.private/spot_cam/share/common-lisp/ros/spot_cam/srv/_package_PlaySound.lisp, /spot_skills/devel/share/common-lisp/ros/spot_cam/srv/_package_PlaySound.lisp)
Linked: (/spot_skills/devel/.private/spot_cam/lib/python3/dist-packages/spot_cam/__init__.py, /spot_skills/devel/lib/python3/dist-packages/spot_cam/__init__.py)
Linked: (/spot_skills/devel/.private/spot_cam/lib/python3/dist-packages/spot_cam/msg/_BITStatus.py, /spot_skills/devel/lib/python3/dist-packages/spot_cam/msg/_BITStatus.py)
Linked: (/spot_skills/devel/.private/spot_cam/lib/python3/dist-packages/spot_cam/msg/_Degradation.py, /spot_skills/devel/lib/python3/dist-packages/spot_cam/msg/_Degradation.py)
Linked: (/spot_skills/devel/.private/spot_cam/lib/python3/dist-packages/spot_cam/msg/_LookAtPointActionFeedback.py, /spot_skills/devel/lib/python3/dist-packages/spot_cam/msg/_LookAtPointActionFeedback.py)
Linked: (/spot_skills/devel/.private/spot_cam/lib/python3/dist-packages/spot_cam/msg/_PTZState.py, /spot_skills/devel/lib/python3/dist-packages/spot_cam/msg/_PTZState.py)
Linked: (/spot_skills/devel/.private/spot_cam/lib/python3/dist-packages/spot_cam/msg/_PTZDescription.py, /spot_skills/devel/lib/python3/dist-packages/spot_cam/msg/_PTZDescription.py)
Linked: (/spot_skills/devel/.private/spot_cam/lib/python3/dist-packages/spot_cam/msg/_PTZLimits.py, /spot_skills/devel/lib/python3/dist-packages/spot_cam/msg/_PTZLimits.py)
Linked: (/spot_skills/devel/.private/spot_cam/lib/python3/dist-packages/spot_cam/msg/_StreamParams.py, /spot_skills/devel/lib/python3/dist-packages/spot_cam/msg/_StreamParams.py)
Linked: (/spot_skills/devel/.private/spot_cam/lib/python3/dist-packages/spot_cam/msg/_LookAtPointResult.py, /spot_skills/devel/lib/python3/dist-packages/spot_cam/msg/_LookAtPointResult.py)
Linked: (/spot_skills/devel/.private/spot_cam/lib/python3/dist-packages/spot_cam/msg/_Temperature.py, /spot_skills/devel/lib/python3/dist-packages/spot_cam/msg/_Temperature.py)
Linked: (/spot_skills/devel/.private/spot_cam/lib/python3/dist-packages/spot_cam/msg/_StringMultiArray.py, /spot_skills/devel/lib/python3/dist-packages/spot_cam/msg/_StringMultiArray.py)
Linked: (/spot_skills/devel/.private/spot_cam/lib/python3/dist-packages/spot_cam/msg/_TemperatureArray.py, /spot_skills/devel/lib/python3/dist-packages/spot_cam/msg/_TemperatureArray.py)
Linked: (/spot_skills/devel/.private/spot_cam/lib/python3/dist-packages/spot_cam/msg/_PowerStatus.py, /spot_skills/devel/lib/python3/dist-packages/spot_cam/msg/_PowerStatus.py)
Linked: (/spot_skills/devel/.private/spot_cam/lib/python3/dist-packages/spot_cam/msg/__init__.py, /spot_skills/devel/lib/python3/dist-packages/spot_cam/msg/__init__.py)
Linked: (/spot_skills/devel/.private/spot_cam/lib/python3/dist-packages/spot_cam/msg/_LookAtPointActionResult.py, /spot_skills/devel/lib/python3/dist-packages/spot_cam/msg/_LookAtPointActionResult.py)
Linked: (/spot_skills/devel/.private/spot_cam/lib/python3/dist-packages/spot_cam/msg/_LookAtPointAction.py, /spot_skills/devel/lib/python3/dist-packages/spot_cam/msg/_LookAtPointAction.py)
Linked: (/spot_skills/devel/.private/spot_cam/lib/python3/dist-packages/spot_cam/msg/_LookAtPointFeedback.py, /spot_skills/devel/lib/python3/dist-packages/spot_cam/msg/_LookAtPointFeedback.py)
Linked: (/spot_skills/devel/.private/spot_cam/lib/python3/dist-packages/spot_cam/msg/_LookAtPointGoal.py, /spot_skills/devel/lib/python3/dist-packages/spot_cam/msg/_LookAtPointGoal.py)
Linked: (/spot_skills/devel/.private/spot_cam/lib/python3/dist-packages/spot_cam/msg/_PTZStateArray.py, /spot_skills/devel/lib/python3/dist-packages/spot_cam/msg/_PTZStateArray.py)
Linked: (/spot_skills/devel/.private/spot_cam/lib/python3/dist-packages/spot_cam/msg/_PTZDescriptionArray.py, /spot_skills/devel/lib/python3/dist-packages/spot_cam/msg/_PTZDescriptionArray.py)
Linked: (/spot_skills/devel/.private/spot_cam/lib/python3/dist-packages/spot_cam/msg/_LookAtPointActionGoal.py, /spot_skills/devel/lib/python3/dist-packages/spot_cam/msg/_LookAtPointActionGoal.py)
Linked: (/spot_skills/devel/.private/spot_cam/lib/python3/dist-packages/spot_cam/srv/_SetPTZState.py, /spot_skills/devel/lib/python3/dist-packages/spot_cam/srv/_SetPTZState.py)
Linked: (/spot_skills/devel/.private/spot_cam/lib/python3/dist-packages/spot_cam/srv/_PlaySound.py, /spot_skills/devel/lib/python3/dist-packages/spot_cam/srv/_PlaySound.py)
Linked: (/spot_skills/devel/.private/spot_cam/lib/python3/dist-packages/spot_cam/srv/_SetFloat.py, /spot_skills/devel/lib/python3/dist-packages/spot_cam/srv/_SetFloat.py)
Linked: (/spot_skills/devel/.private/spot_cam/lib/python3/dist-packages/spot_cam/srv/_SetStreamParams.py, /spot_skills/devel/lib/python3/dist-packages/spot_cam/srv/_SetStreamParams.py)
Linked: (/spot_skills/devel/.private/spot_cam/lib/python3/dist-packages/spot_cam/srv/__init__.py, /spot_skills/devel/lib/python3/dist-packages/spot_cam/srv/__init__.py)
Linked: (/spot_skills/devel/.private/spot_cam/lib/python3/dist-packages/spot_cam/srv/_SetBool.py, /spot_skills/devel/lib/python3/dist-packages/spot_cam/srv/_SetBool.py)
Linked: (/spot_skills/devel/.private/spot_cam/lib/python3/dist-packages/spot_cam/srv/_SetIRMeterOverlay.py, /spot_skills/devel/lib/python3/dist-packages/spot_cam/srv/_SetIRMeterOverlay.py)
Linked: (/spot_skills/devel/.private/spot_cam/lib/python3/dist-packages/spot_cam/srv/_SetIRColormap.py, /spot_skills/devel/lib/python3/dist-packages/spot_cam/srv/_SetIRColormap.py)
Linked: (/spot_skills/devel/.private/spot_cam/lib/python3/dist-packages/spot_cam/srv/_LoadSound.py, /spot_skills/devel/lib/python3/dist-packages/spot_cam/srv/_LoadSound.py)
Linked: (/spot_skills/devel/.private/spot_cam/lib/python3/dist-packages/spot_cam/srv/_LookAtPoint.py, /spot_skills/devel/lib/python3/dist-packages/spot_cam/srv/_LookAtPoint.py)
Linked: (/spot_skills/devel/.private/spot_cam/lib/python3/dist-packages/spot_cam/srv/_SetString.py, /spot_skills/devel/lib/python3/dist-packages/spot_cam/srv/_SetString.py)
Linked: (/spot_skills/devel/.private/spot_cam/lib/spot_cam/spot_cam, /spot_skills/devel/lib/spot_cam/spot_cam)
Linked: (/spot_skills/devel/.private/spot_cam/lib/spot_cam/cmake.lock, /spot_skills/devel/lib/spot_cam/cmake.lock)
Linked: (/spot_skills/devel/.private/spot_cam/lib/pkgconfig/spot_cam.pc, /spot_skills/devel/lib/pkgconfig/spot_cam.pc)
Linked: (/spot_skills/devel/.private/spot_cam/include/spot_cam/SetIRMeterOverlayResponse.h, /spot_skills/devel/include/spot_cam/SetIRMeterOverlayResponse.h)
Linked: (/spot_skills/devel/.private/spot_cam/include/spot_cam/SetFloatResponse.h, /spot_skills/devel/include/spot_cam/SetFloatResponse.h)
Linked: (/spot_skills/devel/.private/spot_cam/include/spot_cam/SetStreamParams.h, /spot_skills/devel/include/spot_cam/SetStreamParams.h)
Linked: (/spot_skills/devel/.private/spot_cam/include/spot_cam/LookAtPointFeedback.h, /spot_skills/devel/include/spot_cam/LookAtPointFeedback.h)
Linked: (/spot_skills/devel/.private/spot_cam/include/spot_cam/SetIRColormapResponse.h, /spot_skills/devel/include/spot_cam/SetIRColormapResponse.h)
Linked: (/spot_skills/devel/.private/spot_cam/include/spot_cam/SetFloatRequest.h, /spot_skills/devel/include/spot_cam/SetFloatRequest.h)
Linked: (/spot_skills/devel/.private/spot_cam/include/spot_cam/PlaySound.h, /spot_skills/devel/include/spot_cam/PlaySound.h)
Linked: (/spot_skills/devel/.private/spot_cam/include/spot_cam/PTZStateArray.h, /spot_skills/devel/include/spot_cam/PTZStateArray.h)
Linked: (/spot_skills/devel/.private/spot_cam/include/spot_cam/BITStatus.h, /spot_skills/devel/include/spot_cam/BITStatus.h)
Linked: (/spot_skills/devel/.private/spot_cam/include/spot_cam/SetFloat.h, /spot_skills/devel/include/spot_cam/SetFloat.h)
Linked: (/spot_skills/devel/.private/spot_cam/include/spot_cam/StringMultiArray.h, /spot_skills/devel/include/spot_cam/StringMultiArray.h)
Linked: (/spot_skills/devel/.private/spot_cam/include/spot_cam/PTZState.h, /spot_skills/devel/include/spot_cam/PTZState.h)
Linked: (/spot_skills/devel/.private/spot_cam/include/spot_cam/LookAtPointRequest.h, /spot_skills/devel/include/spot_cam/LookAtPointRequest.h)
Linked: (/spot_skills/devel/.private/spot_cam/include/spot_cam/SetIRMeterOverlay.h, /spot_skills/devel/include/spot_cam/SetIRMeterOverlay.h)
Linked: (/spot_skills/devel/.private/spot_cam/include/spot_cam/SetBoolRequest.h, /spot_skills/devel/include/spot_cam/SetBoolRequest.h)
Linked: (/spot_skills/devel/.private/spot_cam/include/spot_cam/SetString.h, /spot_skills/devel/include/spot_cam/SetString.h)
Linked: (/spot_skills/devel/.private/spot_cam/include/spot_cam/LookAtPoint.h, /spot_skills/devel/include/spot_cam/LookAtPoint.h)
Linked: (/spot_skills/devel/.private/spot_cam/include/spot_cam/LookAtPointActionFeedback.h, /spot_skills/devel/include/spot_cam/LookAtPointActionFeedback.h)
Linked: (/spot_skills/devel/.private/spot_cam/include/spot_cam/LoadSound.h, /spot_skills/devel/include/spot_cam/LoadSound.h)
Linked: (/spot_skills/devel/.private/spot_cam/include/spot_cam/TemperatureArray.h, /spot_skills/devel/include/spot_cam/TemperatureArray.h)
Linked: (/spot_skills/devel/.private/spot_cam/include/spot_cam/SetBoolResponse.h, /spot_skills/devel/include/spot_cam/SetBoolResponse.h)
Linked: (/spot_skills/devel/.private/spot_cam/include/spot_cam/LookAtPointResponse.h, /spot_skills/devel/include/spot_cam/LookAtPointResponse.h)
Linked: (/spot_skills/devel/.private/spot_cam/include/spot_cam/LoadSoundResponse.h, /spot_skills/devel/include/spot_cam/LoadSoundResponse.h)
Linked: (/spot_skills/devel/.private/spot_cam/include/spot_cam/LoadSoundRequest.h, /spot_skills/devel/include/spot_cam/LoadSoundRequest.h)
Linked: (/spot_skills/devel/.private/spot_cam/include/spot_cam/PTZDescription.h, /spot_skills/devel/include/spot_cam/PTZDescription.h)
Linked: (/spot_skills/devel/.private/spot_cam/include/spot_cam/SetStreamParamsRequest.h, /spot_skills/devel/include/spot_cam/SetStreamParamsRequest.h)
Linked: (/spot_skills/devel/.private/spot_cam/include/spot_cam/Temperature.h, /spot_skills/devel/include/spot_cam/Temperature.h)
Linked: (/spot_skills/devel/.private/spot_cam/include/spot_cam/Degradation.h, /spot_skills/devel/include/spot_cam/Degradation.h)
Linked: (/spot_skills/devel/.private/spot_cam/include/spot_cam/SetIRColormap.h, /spot_skills/devel/include/spot_cam/SetIRColormap.h)
Linked: (/spot_skills/devel/.private/spot_cam/include/spot_cam/SetStringRequest.h, /spot_skills/devel/include/spot_cam/SetStringRequest.h)
Linked: (/spot_skills/devel/.private/spot_cam/include/spot_cam/PTZLimits.h, /spot_skills/devel/include/spot_cam/PTZLimits.h)
Linked: (/spot_skills/devel/.private/spot_cam/include/spot_cam/SetStreamParamsResponse.h, /spot_skills/devel/include/spot_cam/SetStreamParamsResponse.h)
Linked: (/spot_skills/devel/.private/spot_cam/include/spot_cam/PTZDescriptionArray.h, /spot_skills/devel/include/spot_cam/PTZDescriptionArray.h)
Linked: (/spot_skills/devel/.private/spot_cam/include/spot_cam/SetIRColormapRequest.h, /spot_skills/devel/include/spot_cam/SetIRColormapRequest.h)
Linked: (/spot_skills/devel/.private/spot_cam/include/spot_cam/LookAtPointGoal.h, /spot_skills/devel/include/spot_cam/LookAtPointGoal.h)
Linked: (/spot_skills/devel/.private/spot_cam/include/spot_cam/PlaySoundRequest.h, /spot_skills/devel/include/spot_cam/PlaySoundRequest.h)
Linked: (/spot_skills/devel/.private/spot_cam/include/spot_cam/PowerStatus.h, /spot_skills/devel/include/spot_cam/PowerStatus.h)
Linked: (/spot_skills/devel/.private/spot_cam/include/spot_cam/LookAtPointActionGoal.h, /spot_skills/devel/include/spot_cam/LookAtPointActionGoal.h)
Linked: (/spot_skills/devel/.private/spot_cam/include/spot_cam/LookAtPointResult.h, /spot_skills/devel/include/spot_cam/LookAtPointResult.h)
Linked: (/spot_skills/devel/.private/spot_cam/include/spot_cam/LookAtPointAction.h, /spot_skills/devel/include/spot_cam/LookAtPointAction.h)
Linked: (/spot_skills/devel/.private/spot_cam/include/spot_cam/SetBool.h, /spot_skills/devel/include/spot_cam/SetBool.h)
Linked: (/spot_skills/devel/.private/spot_cam/include/spot_cam/LookAtPointActionResult.h, /spot_skills/devel/include/spot_cam/LookAtPointActionResult.h)
Linked: (/spot_skills/devel/.private/spot_cam/include/spot_cam/SetPTZStateResponse.h, /spot_skills/devel/include/spot_cam/SetPTZStateResponse.h)
Linked: (/spot_skills/devel/.private/spot_cam/include/spot_cam/SetPTZState.h, /spot_skills/devel/include/spot_cam/SetPTZState.h)
Linked: (/spot_skills/devel/.private/spot_cam/include/spot_cam/StreamParams.h, /spot_skills/devel/include/spot_cam/StreamParams.h)
Linked: (/spot_skills/devel/.private/spot_cam/include/spot_cam/SetStringResponse.h, /spot_skills/devel/include/spot_cam/SetStringResponse.h)
Linked: (/spot_skills/devel/.private/spot_cam/include/spot_cam/PlaySoundResponse.h, /spot_skills/devel/include/spot_cam/PlaySoundResponse.h)
Linked: (/spot_skills/devel/.private/spot_cam/include/spot_cam/SetIRMeterOverlayRequest.h, /spot_skills/devel/include/spot_cam/SetIRMeterOverlayRequest.h)
Linked: (/spot_skills/devel/.private/spot_cam/include/spot_cam/SetPTZStateRequest.h, /spot_skills/devel/include/spot_cam/SetPTZStateRequest.h)
Linked: (/spot_skills/devel/.private/spot_cam/bin/spot_cam, /spot_skills/devel/bin/spot_cam)
