[35m[1mScanning dependencies of target _spot_cam_generate_messages_check_deps_LookAtPointResult[0m
[35m[1mScanning dependencies of target _spot_cam_generate_messages_check_deps_LookAtPointGoal[0m
[35m[1mScanning dependencies of target _spot_cam_generate_messages_check_deps_SetString[0m
[35m[1mScanning dependencies of target _spot_cam_generate_messages_check_deps_SetStreamParams[0m
[35m[1mScanning dependencies of target _spot_cam_generate_messages_check_deps_PlaySound[0m
[35m[1mScanning dependencies of target _spot_cam_generate_messages_check_deps_TemperatureArray[0m
[35m[1mScanning dependencies of target _spot_cam_generate_messages_check_deps_LookAtPointActionResult[0m
[35m[1mScanning dependencies of target _spot_cam_generate_messages_check_deps_SetPTZState[0m
[35m[1mScanning dependencies of target _spot_cam_generate_messages_check_deps_LookAtPointFeedback[0m
[35m[1mScanning dependencies of target spot_msgs_generate_messages_lisp[0m
[35m[1mScanning dependencies of target _spot_cam_generate_messages_check_deps_SetIRMeterOverlay[0m
[35m[1mScanning dependencies of target _spot_cam_generate_messages_check_deps_LoadSound[0m
[35m[1mScanning dependencies of target _spot_cam_generate_messages_check_deps_LookAtPointAction[0m
[35m[1mScanning dependencies of target _spot_cam_generate_messages_check_deps_LookAtPointActionFeedback[0m
[35m[1mScanning dependencies of target _spot_cam_generate_messages_check_deps_SetIRColormap[0m
[35m[1mScanning dependencies of target _spot_cam_generate_messages_check_deps_LookAtPoint[0m
[35m[1mScanning dependencies of target _spot_cam_generate_messages_check_deps_StreamParams[0m
[35m[1mScanning dependencies of target _spot_cam_generate_messages_check_deps_Degradation[0m
[35m[1mScanning dependencies of target _spot_cam_generate_messages_check_deps_StringMultiArray[0m
[35m[1mScanning dependencies of target _spot_cam_generate_messages_check_deps_LookAtPointActionGoal[0m
[35m[1mScanning dependencies of target _spot_cam_generate_messages_check_deps_Temperature[0m
[35m[1mScanning dependencies of target std_msgs_generate_messages_lisp[0m
[35m[1mScanning dependencies of target _spot_cam_generate_messages_check_deps_PTZState[0m
[35m[1mScanning dependencies of target _spot_cam_generate_messages_check_deps_BITStatus[0m
[35m[1mScanning dependencies of target _spot_cam_generate_messages_check_deps_PTZDescription[0m
[35m[1mScanning dependencies of target _spot_cam_generate_messages_check_deps_PTZStateArray[0m
[35m[1mScanning dependencies of target _spot_cam_generate_messages_check_deps_SetFloat[0m
[35m[1mScanning dependencies of target _spot_cam_generate_messages_check_deps_SetBool[0m
[  0%] Built target spot_msgs_generate_messages_lisp
[  0%] Built target std_msgs_generate_messages_lisp
[35m[1mScanning dependencies of target geometry_msgs_generate_messages_lisp[0m
[35m[1mScanning dependencies of target _spot_cam_generate_messages_check_deps_PowerStatus[0m
[  0%] Built target geometry_msgs_generate_messages_lisp
[  0%] Built target _spot_cam_generate_messages_check_deps_PTZState
[  0%] Built target _spot_cam_generate_messages_check_deps_LoadSound
[  0%] Built target _spot_cam_generate_messages_check_deps_LookAtPointActionFeedback
[  0%] Built target _spot_cam_generate_messages_check_deps_LookAtPointGoal
[  0%] Built target _spot_cam_generate_messages_check_deps_LookAtPointActionGoal
[  0%] Built target _spot_cam_generate_messages_check_deps_TemperatureArray
[  0%] Built target _spot_cam_generate_messages_check_deps_LookAtPointActionResult
[  0%] Built target _spot_cam_generate_messages_check_deps_Degradation
[  0%] Built target _spot_cam_generate_messages_check_deps_LookAtPoint
[35m[1mScanning dependencies of target _spot_cam_generate_messages_check_deps_PTZDescriptionArray[0m
[  0%] Built target _spot_cam_generate_messages_check_deps_LookAtPointFeedback
[  0%] Built target _spot_cam_generate_messages_check_deps_LookAtPointResult
[  0%] Built target _spot_cam_generate_messages_check_deps_PlaySound
[  0%] Built target _spot_cam_generate_messages_check_deps_PTZStateArray
[  0%] Built target _spot_cam_generate_messages_check_deps_SetStreamParams
[  0%] Built target _spot_cam_generate_messages_check_deps_PTZDescription
[  0%] Built target _spot_cam_generate_messages_check_deps_SetPTZState
[  0%] Built target _spot_cam_generate_messages_check_deps_SetString
[  0%] Built target _spot_cam_generate_messages_check_deps_StringMultiArray
[  0%] Built target _spot_cam_generate_messages_check_deps_Temperature
[  0%] Built target _spot_cam_generate_messages_check_deps_SetIRMeterOverlay
[  0%] Built target _spot_cam_generate_messages_check_deps_LookAtPointAction
[  0%] Built target _spot_cam_generate_messages_check_deps_SetFloat
[  0%] Built target _spot_cam_generate_messages_check_deps_BITStatus
[35m[1mScanning dependencies of target std_msgs_generate_messages_cpp[0m
[35m[1mScanning dependencies of target std_msgs_generate_messages_eus[0m
[35m[1mScanning dependencies of target _spot_cam_generate_messages_check_deps_PTZLimits[0m
[35m[1mScanning dependencies of target spot_msgs_generate_messages_eus[0m
[  0%] Built target _spot_cam_generate_messages_check_deps_StreamParams
[  0%] Built target _spot_cam_generate_messages_check_deps_SetBool
[35m[1mScanning dependencies of target geometry_msgs_generate_messages_py[0m
[35m[1mScanning dependencies of target geometry_msgs_generate_messages_eus[0m
[  0%] Built target _spot_cam_generate_messages_check_deps_SetIRColormap
[35m[1mScanning dependencies of target geometry_msgs_generate_messages_cpp[0m
[35m[1mScanning dependencies of target spot_msgs_generate_messages_cpp[0m
[35m[1mScanning dependencies of target std_msgs_generate_messages_py[0m
[35m[1mScanning dependencies of target spot_msgs_generate_messages_py[0m
[35m[1mScanning dependencies of target std_msgs_generate_messages_nodejs[0m
[35m[1mScanning dependencies of target geometry_msgs_generate_messages_nodejs[0m
[35m[1mScanning dependencies of target spot_msgs_generate_messages_nodejs[0m
[  0%] Built target geometry_msgs_generate_messages_py
[  0%] Built target geometry_msgs_generate_messages_cpp
[  0%] Built target geometry_msgs_generate_messages_eus
[  0%] Built target std_msgs_generate_messages_cpp
[  0%] Built target std_msgs_generate_messages_eus
[  0%] Built target spot_msgs_generate_messages_cpp
[  0%] Built target std_msgs_generate_messages_py
[  0%] Built target spot_msgs_generate_messages_eus
[  0%] Built target std_msgs_generate_messages_nodejs
[  0%] Built target spot_msgs_generate_messages_nodejs
[  0%] Built target spot_msgs_generate_messages_py
[  0%] Built target geometry_msgs_generate_messages_nodejs
[  0%] Built target _spot_cam_generate_messages_check_deps_PowerStatus
[  0%] Built target _spot_cam_generate_messages_check_deps_PTZDescriptionArray
[  0%] Built target _spot_cam_generate_messages_check_deps_PTZLimits
[35m[1mScanning dependencies of target spot_cam_generate_messages_lisp[0m
[35m[1mScanning dependencies of target spot_cam_generate_messages_nodejs[0m
[35m[1mScanning dependencies of target spot_cam_generate_messages_eus[0m
[35m[1mScanning dependencies of target spot_cam_generate_messages_py[0m
[35m[1mScanning dependencies of target spot_cam_generate_messages_cpp[0m
[  1%] [34m[1mGenerating Javascript code from spot_cam/BITStatus.msg[0m
[  2%] [34m[1mGenerating Javascript code from spot_cam/PowerStatus.msg[0m
[  2%] [34m[1mGenerating Lisp code from spot_cam/PowerStatus.msg[0m
[  4%] [34m[1mGenerating Javascript code from spot_cam/PTZDescription.msg[0m
[  4%] [34m[1mGenerating Python from MSG spot_cam/Degradation[0m
[  5%] [34m[1mGenerating Lisp code from spot_cam/Degradation.msg[0m
[  6%] [34m[1mGenerating Javascript code from spot_cam/PTZState.msg[0m
[  6%] [34m[1mGenerating EusLisp code from spot_cam/PowerStatus.msg[0m
[  7%] [34m[1mGenerating C++ code from spot_cam/PowerStatus.msg[0m
[  8%] [34m[1mGenerating Lisp code from spot_cam/PTZDescription.msg[0m
[  9%] [34m[1mGenerating Lisp code from spot_cam/PTZStateArray.msg[0m
[  9%] [34m[1mGenerating Python from MSG spot_cam/BITStatus[0m
[ 10%] [34m[1mGenerating Lisp code from spot_cam/BITStatus.msg[0m
[  9%] [34m[1mGenerating Javascript code from spot_cam/PTZDescriptionArray.msg[0m
[ 11%] [34m[1mGenerating Lisp code from spot_cam/StreamParams.msg[0m
[ 11%] [34m[1mGenerating Javascript code from spot_cam/Degradation.msg[0m
[ 11%] [34m[1mGenerating C++ code from spot_cam/Degradation.msg[0m
[ 11%] [34m[1mGenerating Lisp code from spot_cam/PTZLimits.msg[0m
[ 12%] [34m[1mGenerating Lisp code from spot_cam/PTZDescriptionArray.msg[0m
[ 15%] [34m[1mGenerating EusLisp code from spot_cam/PTZDescription.msg[0m
[ 15%] [34m[1mGenerating C++ code from spot_cam/BITStatus.msg[0m
[ 15%] [34m[1mGenerating EusLisp code from spot_cam/BITStatus.msg[0m
[ 16%] [34m[1mGenerating Javascript code from spot_cam/PTZLimits.msg[0m
[ 17%] [34m[1mGenerating Lisp code from spot_cam/PTZState.msg[0m
[ 18%] [34m[1mGenerating EusLisp code from spot_cam/Degradation.msg[0m
[ 18%] [34m[1mGenerating Javascript code from spot_cam/PTZStateArray.msg[0m
[ 18%] [34m[1mGenerating Python from MSG spot_cam/PowerStatus[0m
[ 18%] [34m[1mGenerating C++ code from spot_cam/PTZDescription.msg[0m
[ 18%] [34m[1mGenerating C++ code from spot_cam/PTZLimits.msg[0m
[ 20%] [34m[1mGenerating C++ code from spot_cam/PTZDescriptionArray.msg[0m
[ 21%] [34m[1mGenerating Lisp code from spot_cam/StringMultiArray.msg[0m
[ 22%] [34m[1mGenerating Javascript code from spot_cam/StreamParams.msg[0m
[ 23%] [34m[1mGenerating Javascript code from spot_cam/Temperature.msg[0m
[ 23%] [34m[1mGenerating Javascript code from spot_cam/StringMultiArray.msg[0m
[ 23%] [34m[1mGenerating Lisp code from spot_cam/TemperatureArray.msg[0m
[ 24%] [34m[1mGenerating Javascript code from spot_cam/TemperatureArray.msg[0m
[ 25%] [34m[1mGenerating C++ code from spot_cam/PTZState.msg[0m
[ 26%] [34m[1mGenerating Lisp code from spot_cam/Temperature.msg[0m
[ 27%] [34m[1mGenerating C++ code from spot_cam/PTZStateArray.msg[0m
[ 27%] [34m[1mGenerating EusLisp code from spot_cam/PTZDescriptionArray.msg[0m
[ 27%] [34m[1mGenerating Javascript code from spot_cam/LookAtPointAction.msg[0m
[ 27%] [34m[1mGenerating C++ code from spot_cam/StreamParams.msg[0m
[ 28%] [34m[1mGenerating C++ code from spot_cam/StringMultiArray.msg[0m
[ 29%] [34m[1mGenerating C++ code from spot_cam/Temperature.msg[0m
[ 30%] [34m[1mGenerating Lisp code from spot_cam/LookAtPointAction.msg[0m
[ 31%] [34m[1mGenerating EusLisp code from spot_cam/PTZLimits.msg[0m
[ 31%] [34m[1mGenerating Lisp code from spot_cam/LookAtPointActionGoal.msg[0m
[ 32%] [34m[1mGenerating Javascript code from spot_cam/LookAtPointActionGoal.msg[0m
[ 32%] [34m[1mGenerating C++ code from spot_cam/TemperatureArray.msg[0m
[ 33%] [34m[1mGenerating C++ code from spot_cam/LookAtPointAction.msg[0m
[ 33%] [34m[1mGenerating Python from MSG spot_cam/PTZDescription[0m
[ 34%] [34m[1mGenerating Python from MSG spot_cam/PTZLimits[0m
[ 35%] [34m[1mGenerating Python from MSG spot_cam/PTZDescriptionArray[0m
[ 35%] [34m[1mGenerating C++ code from spot_cam/LookAtPointActionGoal.msg[0m
[ 36%] [34m[1mGenerating C++ code from spot_cam/LookAtPointActionResult.msg[0m
[ 36%] [34m[1mGenerating EusLisp code from spot_cam/PTZState.msg[0m
[ 37%] [34m[1mGenerating Python from MSG spot_cam/PTZState[0m
[ 37%] [34m[1mGenerating EusLisp code from spot_cam/PTZStateArray.msg[0m
[ 38%] [34m[1mGenerating Python from MSG spot_cam/StreamParams[0m
[ 38%] [34m[1mGenerating Python from MSG spot_cam/PTZStateArray[0m
[ 40%] [34m[1mGenerating EusLisp code from spot_cam/StreamParams.msg[0m
[ 41%] [34m[1mGenerating Lisp code from spot_cam/LookAtPointActionResult.msg[0m
[ 42%] [34m[1mGenerating C++ code from spot_cam/LookAtPointActionFeedback.msg[0m
[ 43%] [34m[1mGenerating C++ code from spot_cam/LookAtPointGoal.msg[0m
[ 44%] [34m[1mGenerating Javascript code from spot_cam/LookAtPointActionResult.msg[0m
[ 45%] [34m[1mGenerating Python from MSG spot_cam/StringMultiArray[0m
[ 46%] [34m[1mGenerating Python from MSG spot_cam/Temperature[0m
[ 47%] [34m[1mGenerating EusLisp code from spot_cam/StringMultiArray.msg[0m
[ 47%] [34m[1mGenerating Javascript code from spot_cam/LookAtPointActionFeedback.msg[0m
[ 48%] [34m[1mGenerating Javascript code from spot_cam/LookAtPointGoal.msg[0m
[ 48%] [34m[1mGenerating C++ code from spot_cam/LookAtPointResult.msg[0m
[ 49%] [34m[1mGenerating Javascript code from spot_cam/LookAtPointResult.msg[0m
[ 50%] [34m[1mGenerating Lisp code from spot_cam/LookAtPointActionFeedback.msg[0m
[ 50%] [34m[1mGenerating Python from MSG spot_cam/TemperatureArray[0m
[ 50%] [34m[1mGenerating EusLisp code from spot_cam/Temperature.msg[0m
[ 50%] [34m[1mGenerating Lisp code from spot_cam/LookAtPointGoal.msg[0m
[ 51%] [34m[1mGenerating Lisp code from spot_cam/LookAtPointResult.msg[0m
[ 51%] [34m[1mGenerating Javascript code from spot_cam/LookAtPointFeedback.msg[0m
[ 52%] [34m[1mGenerating C++ code from spot_cam/LookAtPointFeedback.msg[0m
[ 53%] [34m[1mGenerating EusLisp code from spot_cam/TemperatureArray.msg[0m
[ 54%] [34m[1mGenerating C++ code from spot_cam/LoadSound.srv[0m
[ 55%] [34m[1mGenerating Lisp code from spot_cam/LookAtPointFeedback.msg[0m
[ 55%] [34m[1mGenerating Python from MSG spot_cam/LookAtPointAction[0m
[ 56%] [34m[1mGenerating Python from MSG spot_cam/LookAtPointActionGoal[0m
[ 56%] [34m[1mGenerating Python from MSG spot_cam/LookAtPointActionResult[0m
[ 57%] [34m[1mGenerating Javascript code from spot_cam/LoadSound.srv[0m
[ 58%] [34m[1mGenerating EusLisp code from spot_cam/LookAtPointAction.msg[0m
[ 60%] [34m[1mGenerating Python from MSG spot_cam/LookAtPointActionFeedback[0m
[ 60%] [34m[1mGenerating Lisp code from spot_cam/LoadSound.srv[0m
[ 62%] [34m[1mGenerating C++ code from spot_cam/LookAtPoint.srv[0m
[ 62%] [34m[1mGenerating Python from MSG spot_cam/LookAtPointGoal[0m
[ 63%] [34m[1mGenerating Javascript code from spot_cam/LookAtPoint.srv[0m
[ 63%] [34m[1mGenerating EusLisp code from spot_cam/LookAtPointActionGoal.msg[0m
[ 63%] [34m[1mGenerating Python from MSG spot_cam/LookAtPointResult[0m
[ 65%] [34m[1mGenerating Python from MSG spot_cam/LookAtPointFeedback[0m
[ 65%] [34m[1mGenerating C++ code from spot_cam/PlaySound.srv[0m
[ 66%] [34m[1mGenerating Lisp code from spot_cam/LookAtPoint.srv[0m
[ 66%] [34m[1mGenerating Python code from SRV spot_cam/LoadSound[0m
[ 67%] [34m[1mGenerating EusLisp code from spot_cam/LookAtPointActionResult.msg[0m
[ 67%] [34m[1mGenerating C++ code from spot_cam/SetBool.srv[0m
[ 67%] [34m[1mGenerating Javascript code from spot_cam/PlaySound.srv[0m
[ 68%] [34m[1mGenerating Javascript code from spot_cam/SetBool.srv[0m
[ 69%] [34m[1mGenerating Lisp code from spot_cam/PlaySound.srv[0m
[ 69%] [34m[1mGenerating Lisp code from spot_cam/SetBool.srv[0m
[ 69%] [34m[1mGenerating EusLisp code from spot_cam/LookAtPointActionFeedback.msg[0m
[ 70%] [34m[1mGenerating Python code from SRV spot_cam/LookAtPoint[0m
[ 71%] [34m[1mGenerating C++ code from spot_cam/SetFloat.srv[0m
[ 72%] [34m[1mGenerating Lisp code from spot_cam/SetFloat.srv[0m
[ 73%] [34m[1mGenerating EusLisp code from spot_cam/LookAtPointGoal.msg[0m
[ 74%] [34m[1mGenerating EusLisp code from spot_cam/LookAtPointResult.msg[0m
[ 74%] [34m[1mGenerating Javascript code from spot_cam/SetFloat.srv[0m
[ 75%] [34m[1mGenerating Javascript code from spot_cam/SetIRColormap.srv[0m
[ 75%] [34m[1mGenerating EusLisp code from spot_cam/LookAtPointFeedback.msg[0m
[ 75%] [34m[1mGenerating Lisp code from spot_cam/SetIRColormap.srv[0m
[ 76%] [34m[1mGenerating EusLisp code from spot_cam/LoadSound.srv[0m
[ 77%] [34m[1mGenerating Lisp code from spot_cam/SetIRMeterOverlay.srv[0m
[ 78%] [34m[1mGenerating EusLisp code from spot_cam/LookAtPoint.srv[0m
[ 80%] [34m[1mGenerating Lisp code from spot_cam/SetPTZState.srv[0m
[ 80%] [34m[1mGenerating Lisp code from spot_cam/SetStreamParams.srv[0m
[ 81%] [34m[1mGenerating Python code from SRV spot_cam/PlaySound[0m
[ 81%] [34m[1mGenerating Python code from SRV spot_cam/SetBool[0m
[ 82%] [34m[1mGenerating Python code from SRV spot_cam/SetFloat[0m
[ 83%] [34m[1mGenerating Python code from SRV spot_cam/SetIRColormap[0m
[ 84%] [34m[1mGenerating Javascript code from spot_cam/SetIRMeterOverlay.srv[0m
[ 84%] [34m[1mGenerating Javascript code from spot_cam/SetPTZState.srv[0m
[ 84%] [34m[1mGenerating EusLisp code from spot_cam/PlaySound.srv[0m
[ 85%] [34m[1mGenerating Lisp code from spot_cam/SetString.srv[0m
[ 86%] [34m[1mGenerating C++ code from spot_cam/SetIRColormap.srv[0m
[ 87%] [34m[1mGenerating Python code from SRV spot_cam/SetIRMeterOverlay[0m
[ 87%] [34m[1mGenerating C++ code from spot_cam/SetIRMeterOverlay.srv[0m
[ 87%] [34m[1mGenerating C++ code from spot_cam/SetPTZState.srv[0m
[ 88%] [34m[1mGenerating Python code from SRV spot_cam/SetPTZState[0m
[ 89%] [34m[1mGenerating C++ code from spot_cam/SetStreamParams.srv[0m
[ 90%] [34m[1mGenerating EusLisp code from spot_cam/SetBool.srv[0m
[ 90%] [34m[1mGenerating C++ code from spot_cam/SetString.srv[0m
[ 91%] [34m[1mGenerating Python code from SRV spot_cam/SetStreamParams[0m
[ 92%] [34m[1mGenerating EusLisp code from spot_cam/SetFloat.srv[0m
[ 92%] [34m[1mGenerating Python code from SRV spot_cam/SetString[0m
[ 92%] [34m[1mGenerating EusLisp code from spot_cam/SetIRColormap.srv[0m
[ 93%] [34m[1mGenerating Javascript code from spot_cam/SetStreamParams.srv[0m
[ 94%] [34m[1mGenerating EusLisp code from spot_cam/SetIRMeterOverlay.srv[0m
[ 95%] [34m[1mGenerating Javascript code from spot_cam/SetString.srv[0m
[ 96%] [34m[1mGenerating EusLisp code from spot_cam/SetPTZState.srv[0m
[ 97%] [34m[1mGenerating EusLisp code from spot_cam/SetStreamParams.srv[0m
[ 97%] [34m[1mGenerating EusLisp code from spot_cam/SetString.srv[0m
[ 97%] Built target spot_cam_generate_messages_lisp
[ 97%] [34m[1mGenerating EusLisp manifest code for spot_cam[0m
[ 97%] Built target spot_cam_generate_messages_nodejs
[ 97%] Built target spot_cam_generate_messages_cpp
[100%] [34m[1mGenerating Python msg __init__.py for spot_cam[0m
[100%] [34m[1mGenerating Python srv __init__.py for spot_cam[0m
[100%] Built target spot_cam_generate_messages_py
[100%] Built target spot_cam_generate_messages_eus
[35m[1mScanning dependencies of target spot_cam_generate_messages[0m
[100%] Built target spot_cam_generate_messages
