[  0%] Built target spot_msgs_generate_messages_lisp
[  0%] Built target std_msgs_generate_messages_lisp
[  0%] Built target geometry_msgs_generate_messages_lisp
[  0%] Built target _spot_cam_generate_messages_check_deps_LookAtPointActionResult
[  0%] Built target _spot_cam_generate_messages_check_deps_SetFloat
[  0%] Built target _spot_cam_generate_messages_check_deps_Temperature
[  0%] Built target _spot_cam_generate_messages_check_deps_SetString
[  0%] Built target _spot_cam_generate_messages_check_deps_LookAtPointActionFeedback
[  0%] Built target _spot_cam_generate_messages_check_deps_LookAtPointGoal
[  0%] Built target _spot_cam_generate_messages_check_deps_LoadSound
[  0%] Built target _spot_cam_generate_messages_check_deps_LookAtPointFeedback
[  0%] Built target _spot_cam_generate_messages_check_deps_SetBool
[  0%] Built target _spot_cam_generate_messages_check_deps_LookAtPointResult
[  0%] Built target _spot_cam_generate_messages_check_deps_SetPTZState
[  0%] Built target _spot_cam_generate_messages_check_deps_TemperatureArray
[  0%] Built target _spot_cam_generate_messages_check_deps_StreamParams
[  0%] Built target _spot_cam_generate_messages_check_deps_BITStatus
[  0%] Built target _spot_cam_generate_messages_check_deps_SetIRMeterOverlay
[  0%] Built target _spot_cam_generate_messages_check_deps_PTZStateArray
[  0%] Built target _spot_cam_generate_messages_check_deps_LookAtPoint
[  0%] Built target _spot_cam_generate_messages_check_deps_SetIRColormap
[  0%] Built target _spot_cam_generate_messages_check_deps_StringMultiArray
[  0%] Built target _spot_cam_generate_messages_check_deps_PTZDescription
[  0%] Built target spot_msgs_generate_messages_eus
[  0%] Built target _spot_cam_generate_messages_check_deps_LookAtPointAction
[  0%] Built target spot_msgs_generate_messages_cpp
[  0%] Built target std_msgs_generate_messages_cpp
[  0%] Built target geometry_msgs_generate_messages_cpp
[  0%] Built target geometry_msgs_generate_messages_py
[  0%] Built target std_msgs_generate_messages_eus
[  0%] Built target std_msgs_generate_messages_nodejs
[  0%] Built target geometry_msgs_generate_messages_eus
[  0%] Built target _spot_cam_generate_messages_check_deps_PowerStatus
[  0%] Built target _spot_cam_generate_messages_check_deps_LookAtPointActionGoal
[  0%] Built target spot_msgs_generate_messages_py
[  0%] Built target geometry_msgs_generate_messages_nodejs
[  0%] Built target std_msgs_generate_messages_py
[  0%] Built target spot_msgs_generate_messages_nodejs
[  0%] Built target _spot_cam_generate_messages_check_deps_PTZState
[  0%] Built target _spot_cam_generate_messages_check_deps_Degradation
[  0%] Built target _spot_cam_generate_messages_check_deps_PlaySound
[  0%] Built target _spot_cam_generate_messages_check_deps_SetStreamParams
[  0%] Built target _spot_cam_generate_messages_check_deps_PTZDescriptionArray
[  0%] Built target _spot_cam_generate_messages_check_deps_PTZLimits
[ 21%] Built target spot_cam_generate_messages_py
[ 57%] Built target spot_cam_generate_messages_eus
[ 60%] Built target spot_cam_generate_messages_cpp
[ 87%] Built target spot_cam_generate_messages_nodejs
[100%] Built target spot_cam_generate_messages_lisp
[100%] Built target spot_cam_generate_messages
